<?xml version="1.0" encoding="UTF-8"?>
<testsuite xmlns:xsi="http://www.w3.org/2001/XMLSchema-instance" xsi:noNamespaceSchemaLocation="https://maven.apache.org/surefire/maven-surefire-plugin/xsd/surefire-test-report.xsd" version="3.0.2" name="com.example.auction_application.AuctionApplicationTests" time="26.603" tests="1" errors="0" skipped="0" failures="0">
  <properties>
[...]
</properties>
  <testcase name="contextLoads" classname="com.example.auction_application.AuctionApplicationTests" time="1.188">
    <system-out><![CDATA[20:45:45.092 [main] INFO org.springframework.test.context.support.AnnotationConfigContextLoaderUtils -- Could not detect default configuration classes for test class [com.example.auction_application.AuctionApplicationTests]: AuctionApplicationTests does not declare any static, non-private, non-final, nested classes annotated with @Configuration.
20:45:45.224 [main] INFO org.springframework.boot.test.context.SpringBootTestContextBootstrapper -- Found @SpringBootConfiguration com.example.auction_application.AuctionApplication for test class com.example.auction_application.AuctionApplicationTests
20:45:45.445 [main] INFO org.springframework.boot.devtools.restart.RestartApplicationListener -- Restart disabled due to context in which it is running

  .   ____          _            __ _ _
 /\\ / ___'_ __ _ _(_)_ __  __ _ \ \ \ \
( ( )\___ | '_ | '_| | '_ \/ _` | \ \ \ \
 \\/  ___)| |_)| | | | | || (_| |  ) ) ) )
  '  |____| .__|_| |_|_| |_\__, | / / / /
 =========|_|==============|___/=/_/_/_/

 :: Spring Boot ::                (v3.4.1)

2025-08-06T20:45:45.906+05:30  INFO 45196 --- [auction_application] [           main] c.e.a.AuctionApplicationTests            : Starting AuctionApplicationTests using Java 17.0.9 with PID 45196 (started by prathamesh mane in D:\spring_projects\Auction_Application_Monilith\auction_application)
2025-08-06T20:45:45.907+05:30 DEBUG 45196 --- [auction_application] [           main] c.e.a.AuctionApplicationTests            : Running with Spring Boot v3.4.1, Spring v6.2.1
2025-08-06T20:45:45.908+05:30  INFO 45196 --- [auction_application] [           main] c.e.a.AuctionApplicationTests            : No active profile set, falling back to 1 default profile: "default"
2025-08-06T20:45:45.909+05:30 DEBUG 45196 --- [auction_application] [           main] o.s.boot.SpringApplication               : Loading source class com.example.auction_application.AuctionApplication
2025-08-06T20:45:45.970+05:30 DEBUG 45196 --- [auction_application] [           main] o.s.w.c.s.GenericWebApplicationContext   : Refreshing org.springframework.web.context.support.GenericWebApplicationContext@5298dead
2025-08-06T20:45:45.991+05:30 DEBUG 45196 --- [auction_application] [           main] o.s.b.f.s.DefaultListableBeanFactory     : Creating shared instance of singleton bean 'org.springframework.context.annotation.internalConfigurationAnnotationProcessor'
2025-08-06T20:45:46.002+05:30 DEBUG 45196 --- [auction_application] [           main] o.s.b.f.s.DefaultListableBeanFactory     : Creating shared instance of singleton bean 'org.springframework.boot.autoconfigure.internalCachingMetadataReaderFactory'
2025-08-06T20:45:46.088+05:30 DEBUG 45196 --- [auction_application] [           main] o.s.c.a.ClassPathBeanDefinitionScanner   : Identified candidate component class: file [D:\spring_projects\Auction_Application_Monilith\auction_application\target\classes\com\example\auction_application\AuctionListing\api\AuctionCatalogController.class]
2025-08-06T20:45:46.091+05:30 DEBUG 45196 --- [auction_application] [           main] o.s.c.a.ClassPathBeanDefinitionScanner   : Identified candidate component class: file [D:\spring_projects\Auction_Application_Monilith\auction_application\target\classes\com\example\auction_application\AuctionListing\api\AuctionListingController.class]
2025-08-06T20:45:46.106+05:30 DEBUG 45196 --- [auction_application] [           main] o.s.c.a.ClassPathBeanDefinitionScanner   : Identified candidate component class: file [D:\spring_projects\Auction_Application_Monilith\auction_application\target\classes\com\example\auction_application\AuctionListing\scheduler\AuctionListingSchedulerService.class]
2025-08-06T20:45:46.108+05:30 DEBUG 45196 --- [auction_application] [           main] o.s.c.a.ClassPathBeanDefinitionScanner   : Identified candidate component class: file [D:\spring_projects\Auction_Application_Monilith\auction_application\target\classes\com\example\auction_application\AuctionListing\services\AuctionCatalogService.class]
2025-08-06T20:45:46.109+05:30 DEBUG 45196 --- [auction_application] [           main] o.s.c.a.ClassPathBeanDefinitionScanner   : Identified candidate component class: file [D:\spring_projects\Auction_Application_Monilith\auction_application\target\classes\com\example\auction_application\AuctionListing\services\AuctionListingService.class]
2025-08-06T20:45:46.111+05:30 DEBUG 45196 --- [auction_application] [           main] o.s.c.a.ClassPathBeanDefinitionScanner   : Identified candidate component class: file [D:\spring_projects\Auction_Application_Monilith\auction_application\target\classes\com\example\auction_application\AuctionListing\services\AuctionWebSocketHandler.class]
2025-08-06T20:45:46.113+05:30 DEBUG 45196 --- [auction_application] [           main] o.s.c.a.ClassPathBeanDefinitionScanner   : Identified candidate component class: file [D:\spring_projects\Auction_Application_Monilith\auction_application\target\classes\com\example\auction_application\Authentication\AuthController.class]
2025-08-06T20:45:46.120+05:30 DEBUG 45196 --- [auction_application] [           main] o.s.c.a.ClassPathBeanDefinitionScanner   : Identified candidate component class: file [D:\spring_projects\Auction_Application_Monilith\auction_application\target\classes\com\example\auction_application\Authentication\Config\SecurityConfigProperties.class]
2025-08-06T20:45:46.135+05:30 DEBUG 45196 --- [auction_application] [           main] o.s.c.a.ClassPathBeanDefinitionScanner   : Identified candidate component class: file [D:\spring_projects\Auction_Application_Monilith\auction_application\target\classes\com\example\auction_application\Authentication\Config\SpringSecurityConfiguration.class]
2025-08-06T20:45:46.138+05:30 DEBUG 45196 --- [auction_application] [           main] o.s.c.a.ClassPathBeanDefinitionScanner   : Identified candidate component class: file [D:\spring_projects\Auction_Application_Monilith\auction_application\target\classes\com\example\auction_application\Authentication\CustomUserDetailsService.class]
2025-08-06T20:45:46.140+05:30 DEBUG 45196 --- [auction_application] [           main] o.s.c.a.ClassPathBeanDefinitionScanner   : Identified candidate component class: file [D:\spring_projects\Auction_Application_Monilith\auction_application\target\classes\com\example\auction_application\Authentication\JwtAuthenticationFilter.class]
2025-08-06T20:45:46.141+05:30 DEBUG 45196 --- [auction_application] [           main] o.s.c.a.ClassPathBeanDefinitionScanner   : Identified candidate component class: file [D:\spring_projects\Auction_Application_Monilith\auction_application\target\classes\com\example\auction_application\Authentication\JwtConfigProperties.class]
2025-08-06T20:45:46.143+05:30 DEBUG 45196 --- [auction_application] [           main] o.s.c.a.ClassPathBeanDefinitionScanner   : Identified candidate component class: file [D:\spring_projects\Auction_Application_Monilith\auction_application\target\classes\com\example\auction_application\Authentication\JwtUtils.class]
2025-08-06T20:45:46.145+05:30 DEBUG 45196 --- [auction_application] [           main] o.s.c.a.ClassPathBeanDefinitionScanner   : Identified candidate component class: file [D:\spring_projects\Auction_Application_Monilith\auction_application\target\classes\com\example\auction_application\Bid\api\BidController.class]
2025-08-06T20:45:46.150+05:30 DEBUG 45196 --- [auction_application] [           main] o.s.c.a.ClassPathBeanDefinitionScanner   : Identified candidate component class: file [D:\spring_projects\Auction_Application_Monilith\auction_application\target\classes\com\example\auction_application\Bid\service\BidService.class]
2025-08-06T20:45:46.151+05:30 DEBUG 45196 --- [auction_application] [           main] o.s.c.a.ClassPathBeanDefinitionScanner   : Identified candidate component class: file [D:\spring_projects\Auction_Application_Monilith\auction_application\target\classes\com\example\auction_application\Config\JacksonConfig.class]
2025-08-06T20:45:46.155+05:30 DEBUG 45196 --- [auction_application] [           main] o.s.c.a.ClassPathBeanDefinitionScanner   : Identified candidate component class: file [D:\spring_projects\Auction_Application_Monilith\auction_application\target\classes\com\example\auction_application\CorsConfig.class]
2025-08-06T20:45:46.162+05:30 DEBUG 45196 --- [auction_application] [           main] o.s.c.a.ClassPathBeanDefinitionScanner   : Identified candidate component class: file [D:\spring_projects\Auction_Application_Monilith\auction_application\target\classes\com\example\auction_application\Exceptions\GlobalExceptionHandler.class]
2025-08-06T20:45:46.165+05:30 DEBUG 45196 --- [auction_application] [           main] o.s.c.a.ClassPathBeanDefinitionScanner   : Identified candidate component class: file [D:\spring_projects\Auction_Application_Monilith\auction_application\target\classes\com\example\auction_application\UserModule\api\UserController.class]
2025-08-06T20:45:46.169+05:30 DEBUG 45196 --- [auction_application] [           main] o.s.c.a.ClassPathBeanDefinitionScanner   : Identified candidate component class: file [D:\spring_projects\Auction_Application_Monilith\auction_application\target\classes\com\example\auction_application\UserModule\service\UserService.class]
2025-08-06T20:45:46.172+05:30 DEBUG 45196 --- [auction_application] [           main] o.s.c.a.ClassPathBeanDefinitionScanner   : Identified candidate component class: file [D:\spring_projects\Auction_Application_Monilith\auction_application\target\classes\com\example\auction_application\WebSocketConfig.class]
2025-08-06T20:45:47.101+05:30  INFO 45196 --- [auction_application] [           main] .s.d.r.c.RepositoryConfigurationDelegate : Multiple Spring Data modules found, entering strict repository configuration mode
2025-08-06T20:45:47.103+05:30  INFO 45196 --- [auction_application] [           main] .s.d.r.c.RepositoryConfigurationDelegate : Bootstrapping Spring Data JPA repositories in DEFAULT mode.
2025-08-06T20:45:47.117+05:30 DEBUG 45196 --- [auction_application] [           main] o.s.b.f.s.DefaultListableBeanFactory     : Creating shared instance of singleton bean 'org.springframework.boot.autoconfigure.AutoConfigurationPackages'
2025-08-06T20:45:47.135+05:30 DEBUG 45196 --- [auction_application] [           main] o.s.b.a.AutoConfigurationPackages        : @EnableAutoConfiguration was declared on a class in the package 'com.example.auction_application'. Automatic @Repository and @Entity scanning is enabled.
2025-08-06T20:45:47.139+05:30 DEBUG 45196 --- [auction_application] [           main] .s.d.r.c.RepositoryConfigurationDelegate : Scanning for JPA repositories in packages com.example.auction_application.
2025-08-06T20:45:47.159+05:30 DEBUG 45196 --- [auction_application] [           main] o.s.d.r.c.RepositoryComponentProvider    : Identified candidate component class: file [D:\spring_projects\Auction_Application_Monilith\auction_application\target\classes\com\example\auction_application\AuctionListing\repository\AuctionListingRepository.class]
2025-08-06T20:45:47.161+05:30 DEBUG 45196 --- [auction_application] [           main] o.s.d.r.c.RepositoryComponentProvider    : Identified candidate component class: file [D:\spring_projects\Auction_Application_Monilith\auction_application\target\classes\com\example\auction_application\Bid\BidRepository.class]
2025-08-06T20:45:47.162+05:30 DEBUG 45196 --- [auction_application] [           main] o.s.d.r.c.RepositoryComponentProvider    : Identified candidate component class: file [D:\spring_projects\Auction_Application_Monilith\auction_application\target\classes\com\example\auction_application\UserModule\UserRepository.class]
2025-08-06T20:45:47.309+05:30  INFO 45196 --- [auction_application] [           main] .s.d.r.c.RepositoryConfigurationDelegate : Finished Spring Data repository scanning in 168 ms. Found 3 JPA repository interfaces.
2025-08-06T20:45:47.341+05:30  INFO 45196 --- [auction_application] [           main] .s.d.r.c.RepositoryConfigurationDelegate : Multiple Spring Data modules found, entering strict repository configuration mode
2025-08-06T20:45:47.347+05:30  INFO 45196 --- [auction_application] [           main] .s.d.r.c.RepositoryConfigurationDelegate : Bootstrapping Spring Data Redis repositories in DEFAULT mode.
2025-08-06T20:45:47.365+05:30 DEBUG 45196 --- [auction_application] [           main] .s.d.r.c.RepositoryConfigurationDelegate : Scanning for Redis repositories in packages com.example.auction_application.
2025-08-06T20:45:47.385+05:30 DEBUG 45196 --- [auction_application] [           main] o.s.d.r.c.RepositoryComponentProvider    : Identified candidate component class: file [D:\spring_projects\Auction_Application_Monilith\auction_application\target\classes\com\example\auction_application\AuctionListing\repository\AuctionListingRepository.class]
2025-08-06T20:45:47.385+05:30 DEBUG 45196 --- [auction_application] [           main] o.s.d.r.c.RepositoryComponentProvider    : Identified candidate component class: file [D:\spring_projects\Auction_Application_Monilith\auction_application\target\classes\com\example\auction_application\Bid\BidRepository.class]
2025-08-06T20:45:47.385+05:30 DEBUG 45196 --- [auction_application] [           main] o.s.d.r.c.RepositoryComponentProvider    : Identified candidate component class: file [D:\spring_projects\Auction_Application_Monilith\auction_application\target\classes\com\example\auction_application\UserModule\UserRepository.class]
2025-08-06T20:45:47.389+05:30  INFO 45196 --- [auction_application] [           main] .RepositoryConfigurationExtensionSupport : Spring Data Redis - Could not safely identify store assignment for repository candidate interface com.example.auction_application.AuctionListing.repository.AuctionListingRepository; If you want this repository to be a Redis repository, consider annotating your entities with one of these annotations: org.springframework.data.redis.core.RedisHash (preferred), or consider extending one of the following types with your repository: org.springframework.data.keyvalue.repository.KeyValueRepository
2025-08-06T20:45:47.389+05:30  INFO 45196 --- [auction_application] [           main] .RepositoryConfigurationExtensionSupport : Spring Data Redis - Could not safely identify store assignment for repository candidate interface com.example.auction_application.Bid.BidRepository; If you want this repository to be a Redis repository, consider annotating your entities with one of these annotations: org.springframework.data.redis.core.RedisHash (preferred), or consider extending one of the following types with your repository: org.springframework.data.keyvalue.repository.KeyValueRepository
2025-08-06T20:45:47.389+05:30  INFO 45196 --- [auction_application] [           main] .RepositoryConfigurationExtensionSupport : Spring Data Redis - Could not safely identify store assignment for repository candidate interface com.example.auction_application.UserModule.UserRepository; If you want this repository to be a Redis repository, consider annotating your entities with one of these annotations: org.springframework.data.redis.core.RedisHash (preferred), or consider extending one of the following types with your repository: org.springframework.data.keyvalue.repository.KeyValueRepository
2025-08-06T20:45:47.389+05:30  INFO 45196 --- [auction_application] [           main] .s.d.r.c.RepositoryConfigurationDelegate : Finished Spring Data repository scanning in 25 ms. Found 0 Redis repository interfaces.
2025-08-06T20:45:47.633+05:30 DEBUG 45196 --- [auction_application] [           main] o.s.b.f.s.DefaultListableBeanFactory     : Creating shared instance of singleton bean 'springSecurityHandlerMappingIntrospectorBeanDefinitionRegistryPostProcessor'
2025-08-06T20:45:47.636+05:30 DEBUG 45196 --- [auction_application] [           main] o.s.b.f.s.DefaultListableBeanFactory     : Creating shared instance of singleton bean 'authorizedClientManagerRegistrar'
2025-08-06T20:45:47.636+05:30 DEBUG 45196 --- [auction_application] [           main] o.s.b.f.s.DefaultListableBeanFactory     : Creating shared instance of singleton bean 'org.springframework.security.config.annotation.web.configuration.OAuth2ClientConfiguration$OAuth2AuthorizedClientManagerConfiguration'
2025-08-06T20:45:47.808+05:30 DEBUG 45196 --- [auction_application] [           main] o.s.b.f.s.DefaultListableBeanFactory     : Creating shared instance of singleton bean 'propertySourcesPlaceholderConfigurer'
2025-08-06T20:45:47.812+05:30 DEBUG 45196 --- [auction_application] [           main] o.s.b.f.s.DefaultListableBeanFactory     : Creating shared instance of singleton bean 'org.springframework.boot.test.mock.mockito.MockitoPostProcessor'
2025-08-06T20:45:47.813+05:30 DEBUG 45196 --- [auction_application] [           main] o.s.b.f.s.DefaultListableBeanFactory     : Creating shared instance of singleton bean 'org.springframework.boot.autoconfigure.cache.CacheAutoConfiguration$CacheManagerEntityManagerFactoryDependsOnPostProcessor'
2025-08-06T20:45:47.814+05:30 DEBUG 45196 --- [auction_application] [           main] o.s.b.f.s.DefaultListableBeanFactory     : Creating shared instance of singleton bean 'emBeanDefinitionRegistrarPostProcessor'
2025-08-06T20:45:47.815+05:30 DEBUG 45196 --- [auction_application] [           main] o.s.b.f.s.DefaultListableBeanFactory     : Creating shared instance of singleton bean 'org.springframework.boot.sql.init.dependency.DatabaseInitializationDependencyConfigurer$DependsOnDatabaseInitializationPostProcessor'
2025-08-06T20:45:47.908+05:30 DEBUG 45196 --- [auction_application] [           main] o.s.b.f.s.DefaultListableBeanFactory     : Creating shared instance of singleton bean 'org.springframework.context.event.internalEventListenerProcessor'
2025-08-06T20:45:47.912+05:30 DEBUG 45196 --- [auction_application] [           main] o.s.b.f.s.DefaultListableBeanFactory     : Creating shared instance of singleton bean 'conversionServicePostProcessor'
2025-08-06T20:45:47.938+05:30 DEBUG 45196 --- [auction_application] [           main] o.s.b.f.s.DefaultListableBeanFactory     : Creating shared instance of singleton bean 'preserveErrorControllerTargetClassPostProcessor'
2025-08-06T20:45:47.940+05:30 DEBUG 45196 --- [auction_application] [           main] o.s.b.f.s.DefaultListableBeanFactory     : Creating shared instance of singleton bean 'org.springframework.context.event.internalEventListenerFactory'
2025-08-06T20:45:47.940+05:30 DEBUG 45196 --- [auction_application] [           main] o.s.b.f.s.DefaultListableBeanFactory     : Creating shared instance of singleton bean 'org.springframework.transaction.config.internalTransactionalEventListenerFactory'
2025-08-06T20:45:47.950+05:30 DEBUG 45196 --- [auction_application] [           main] o.s.b.f.s.DefaultListableBeanFactory     : Creating shared instance of singleton bean 'org.springframework.boot.test.mock.mockito.MockitoPostProcessor$SpyPostProcessor'
2025-08-06T20:45:47.955+05:30 DEBUG 45196 --- [auction_application] [           main] o.s.b.f.s.DefaultListableBeanFactory     : Creating shared instance of singleton bean 'org.springframework.context.annotation.internalAutowiredAnnotationProcessor'
2025-08-06T20:45:47.958+05:30 DEBUG 45196 --- [auction_application] [           main] o.s.b.f.s.DefaultListableBeanFactory     : Creating shared instance of singleton bean 'org.springframework.context.annotation.internalCommonAnnotationProcessor'
2025-08-06T20:45:47.963+05:30 DEBUG 45196 --- [auction_application] [           main] o.s.b.f.s.DefaultListableBeanFactory     : Creating shared instance of singleton bean 'org.springframework.context.annotation.internalPersistenceAnnotationProcessor'
2025-08-06T20:45:47.964+05:30 DEBUG 45196 --- [auction_application] [           main] o.s.b.f.s.DefaultListableBeanFactory     : Creating shared instance of singleton bean 'org.springframework.boot.context.properties.ConfigurationPropertiesBindingPostProcessor'
2025-08-06T20:45:47.964+05:30 DEBUG 45196 --- [auction_application] [           main] o.s.b.f.s.DefaultListableBeanFactory     : Creating shared instance of singleton bean 'org.springframework.boot.context.internalConfigurationPropertiesBinder'
2025-08-06T20:45:47.970+05:30 DEBUG 45196 --- [auction_application] [           main] o.s.b.f.s.DefaultListableBeanFactory     : Creating shared instance of singleton bean 'jdbcConnectionDetailsHikariBeanPostProcessor'
2025-08-06T20:45:47.975+05:30 DEBUG 45196 --- [auction_application] [           main] o.s.b.f.s.DefaultListableBeanFactory     : Creating shared instance of singleton bean 'org.springframework.context.annotation.internalScheduledAnnotationProcessor'
2025-08-06T20:45:47.975+05:30 DEBUG 45196 --- [auction_application] [           main] o.s.b.f.s.DefaultListableBeanFactory     : Creating shared instance of singleton bean 'org.springframework.scheduling.annotation.SchedulingConfiguration'
2025-08-06T20:45:47.993+05:30 DEBUG 45196 --- [auction_application] [           main] o.s.b.f.s.DefaultListableBeanFactory     : Creating shared instance of singleton bean 'org.springframework.aop.config.internalAutoProxyCreator'
2025-08-06T20:45:48.021+05:30 DEBUG 45196 --- [auction_application] [           main] o.s.b.f.s.DefaultListableBeanFactory     : Creating shared instance of singleton bean 'persistenceExceptionTranslationPostProcessor'
2025-08-06T20:45:48.023+05:30 DEBUG 45196 --- [auction_application] [           main] o.s.b.f.s.DefaultListableBeanFactory     : Autowiring by type from bean name 'persistenceExceptionTranslationPostProcessor' via factory method to bean named 'environment'
2025-08-06T20:45:48.036+05:30 DEBUG 45196 --- [auction_application] [           main] o.s.b.f.s.DefaultListableBeanFactory     : Creating shared instance of singleton bean 'webServerFactoryCustomizerBeanPostProcessor'
2025-08-06T20:45:48.037+05:30 DEBUG 45196 --- [auction_application] [           main] o.s.b.f.s.DefaultListableBeanFactory     : Creating shared instance of singleton bean 'errorPageRegistrarBeanPostProcessor'
2025-08-06T20:45:48.038+05:30 DEBUG 45196 --- [auction_application] [           main] o.s.b.f.s.DefaultListableBeanFactory     : Creating shared instance of singleton bean 'projectingArgumentResolverBeanPostProcessor'
2025-08-06T20:45:48.039+05:30 DEBUG 45196 --- [auction_application] [           main] o.s.b.f.s.DefaultListableBeanFactory     : Creating shared instance of singleton bean 'org.springframework.cache.config.internalCacheAdvisor'
2025-08-06T20:45:48.039+05:30 DEBUG 45196 --- [auction_application] [           main] o.s.b.f.s.DefaultListableBeanFactory     : Creating shared instance of singleton bean 'org.springframework.cache.annotation.ProxyCachingConfiguration'
2025-08-06T20:45:48.040+05:30 DEBUG 45196 --- [auction_application] [           main] o.s.b.f.s.DefaultListableBeanFactory     : Creating shared instance of singleton bean 'org.springframework.transaction.config.internalTransactionAdvisor'
2025-08-06T20:45:48.040+05:30 DEBUG 45196 --- [auction_application] [           main] o.s.b.f.s.DefaultListableBeanFactory     : Creating shared instance of singleton bean 'org.springframework.transaction.annotation.ProxyTransactionManagementConfiguration'
2025-08-06T20:45:48.052+05:30 DEBUG 45196 --- [auction_application] [           main] o.s.b.f.s.DefaultListableBeanFactory     : Creating shared instance of singleton bean 'transactionAttributeSource'
2025-08-06T20:45:48.055+05:30 DEBUG 45196 --- [auction_application] [           main] o.s.b.f.s.DefaultListableBeanFactory     : Creating shared instance of singleton bean 'transactionInterceptor'
2025-08-06T20:45:48.056+05:30 DEBUG 45196 --- [auction_application] [           main] o.s.b.f.s.DefaultListableBeanFactory     : Autowiring by type from bean name 'transactionInterceptor' via factory method to bean named 'transactionAttributeSource'
2025-08-06T20:45:48.061+05:30 DEBUG 45196 --- [auction_application] [           main] o.s.b.f.s.DefaultListableBeanFactory     : Autowiring by type from bean name 'org.springframework.transaction.config.internalTransactionAdvisor' via factory method to bean named 'transactionAttributeSource'
2025-08-06T20:45:48.061+05:30 DEBUG 45196 --- [auction_application] [           main] o.s.b.f.s.DefaultListableBeanFactory     : Autowiring by type from bean name 'org.springframework.transaction.config.internalTransactionAdvisor' via factory method to bean named 'transactionInterceptor'
2025-08-06T20:45:48.072+05:30 DEBUG 45196 --- [auction_application] [           main] o.s.b.f.s.DefaultListableBeanFactory     : Creating shared instance of singleton bean 'cacheOperationSource'
2025-08-06T20:45:48.083+05:30 DEBUG 45196 --- [auction_application] [           main] o.s.b.f.s.DefaultListableBeanFactory     : Creating shared instance of singleton bean 'cacheInterceptor'
2025-08-06T20:45:48.084+05:30 DEBUG 45196 --- [auction_application] [           main] o.s.b.f.s.DefaultListableBeanFactory     : Autowiring by type from bean name 'cacheInterceptor' via factory method to bean named 'cacheOperationSource'
2025-08-06T20:45:48.092+05:30 DEBUG 45196 --- [auction_application] [           main] o.s.b.f.s.DefaultListableBeanFactory     : Autowiring by type from bean name 'org.springframework.cache.config.internalCacheAdvisor' via factory method to bean named 'cacheOperationSource'
2025-08-06T20:45:48.093+05:30 DEBUG 45196 --- [auction_application] [           main] o.s.b.f.s.DefaultListableBeanFactory     : Autowiring by type from bean name 'org.springframework.cache.config.internalCacheAdvisor' via factory method to bean named 'cacheInterceptor'
2025-08-06T20:45:48.151+05:30 DEBUG 45196 --- [auction_application] [           main] o.s.u.c.s.UiApplicationContextUtils      : Unable to locate ThemeSource with name 'themeSource': using default [org.springframework.ui.context.support.ResourceBundleThemeSource@15e8f9b2]
2025-08-06T20:45:48.152+05:30 DEBUG 45196 --- [auction_application] [           main] o.s.b.f.s.DefaultListableBeanFactory     : Creating shared instance of singleton bean 'org.springframework.test.context.support.internalDynamicPropertyRegistrarBeanInitializer'
2025-08-06T20:45:48.154+05:30 DEBUG 45196 --- [auction_application] [           main] o.s.b.f.s.DefaultListableBeanFactory     : Creating shared instance of singleton bean 'cacheManager'
2025-08-06T20:45:48.154+05:30 DEBUG 45196 --- [auction_application] [           main] o.s.b.f.s.DefaultListableBeanFactory     : Creating shared instance of singleton bean 'org.springframework.boot.autoconfigure.cache.RedisCacheConfiguration'
2025-08-06T20:45:48.157+05:30 DEBUG 45196 --- [auction_application] [           main] o.s.b.f.s.DefaultListableBeanFactory     : Creating shared instance of singleton bean 'spring.cache-org.springframework.boot.autoconfigure.cache.CacheProperties'
2025-08-06T20:45:48.162+05:30 DEBUG 45196 --- [auction_application] [           main] o.s.b.f.s.DefaultListableBeanFactory     : Creating shared instance of singleton bean 'org.springframework.boot.context.properties.BoundConfigurationProperties'
2025-08-06T20:45:48.192+05:30 DEBUG 45196 --- [auction_application] [           main] o.s.b.f.s.DefaultListableBeanFactory     : Creating shared instance of singleton bean 'cacheManagerCustomizers'
2025-08-06T20:45:48.193+05:30 DEBUG 45196 --- [auction_application] [           main] o.s.b.f.s.DefaultListableBeanFactory     : Creating shared instance of singleton bean 'org.springframework.boot.autoconfigure.cache.CacheAutoConfiguration'
2025-08-06T20:45:48.203+05:30 DEBUG 45196 --- [auction_application] [           main] o.s.b.f.s.DefaultListableBeanFactory     : Creating shared instance of singleton bean 'redisConnectionFactory'
2025-08-06T20:45:48.204+05:30 DEBUG 45196 --- [auction_application] [           main] o.s.b.f.s.DefaultListableBeanFactory     : Creating shared instance of singleton bean 'org.springframework.boot.autoconfigure.data.redis.LettuceConnectionConfiguration'
2025-08-06T20:45:48.205+05:30 DEBUG 45196 --- [auction_application] [           main] o.s.b.f.s.DefaultListableBeanFactory     : Creating shared instance of singleton bean 'spring.data.redis-org.springframework.boot.autoconfigure.data.redis.RedisProperties'
2025-08-06T20:45:48.218+05:30 DEBUG 45196 --- [auction_application] [           main] o.s.b.f.s.DefaultListableBeanFactory     : Creating shared instance of singleton bean 'redisConnectionDetails'
2025-08-06T20:45:48.219+05:30 DEBUG 45196 --- [auction_application] [           main] o.s.b.f.s.DefaultListableBeanFactory     : Creating shared instance of singleton bean 'org.springframework.boot.autoconfigure.data.redis.RedisAutoConfiguration'
2025-08-06T20:45:48.220+05:30 DEBUG 45196 --- [auction_application] [           main] o.s.b.f.s.DefaultListableBeanFactory     : Autowiring by type from bean name 'redisConnectionDetails' via factory method to bean named 'spring.data.redis-org.springframework.boot.autoconfigure.data.redis.RedisProperties'
2025-08-06T20:45:48.226+05:30 DEBUG 45196 --- [auction_application] [           main] o.s.b.f.s.DefaultListableBeanFactory     : Autowiring by type from bean name 'org.springframework.boot.autoconfigure.data.redis.LettuceConnectionConfiguration' via constructor to bean named 'spring.data.redis-org.springframework.boot.autoconfigure.data.redis.RedisProperties'
2025-08-06T20:45:48.226+05:30 DEBUG 45196 --- [auction_application] [           main] o.s.b.f.s.DefaultListableBeanFactory     : Autowiring by type from bean name 'org.springframework.boot.autoconfigure.data.redis.LettuceConnectionConfiguration' via constructor to bean named 'redisConnectionDetails'
2025-08-06T20:45:48.228+05:30 DEBUG 45196 --- [auction_application] [           main] o.s.b.f.s.DefaultListableBeanFactory     : Creating shared instance of singleton bean 'sslBundleRegistry'
2025-08-06T20:45:48.229+05:30 DEBUG 45196 --- [auction_application] [           main] o.s.b.f.s.DefaultListableBeanFactory     : Creating shared instance of singleton bean 'org.springframework.boot.autoconfigure.ssl.SslAutoConfiguration'
2025-08-06T20:45:48.230+05:30 DEBUG 45196 --- [auction_application] [           main] o.s.b.f.s.DefaultListableBeanFactory     : Creating shared instance of singleton bean 'spring.ssl-org.springframework.boot.autoconfigure.ssl.SslProperties'
2025-08-06T20:45:48.234+05:30 DEBUG 45196 --- [auction_application] [           main] o.s.b.f.s.DefaultListableBeanFactory     : Autowiring by type from bean name 'org.springframework.boot.autoconfigure.ssl.SslAutoConfiguration' via constructor to bean named 'org.springframework.web.context.support.GenericWebApplicationContext@5298dead'
2025-08-06T20:45:48.234+05:30 DEBUG 45196 --- [auction_application] [           main] o.s.b.f.s.DefaultListableBeanFactory     : Autowiring by type from bean name 'org.springframework.boot.autoconfigure.ssl.SslAutoConfiguration' via constructor to bean named 'spring.ssl-org.springframework.boot.autoconfigure.ssl.SslProperties'
2025-08-06T20:45:48.238+05:30 DEBUG 45196 --- [auction_application] [           main] o.s.b.f.s.DefaultListableBeanFactory     : Creating shared instance of singleton bean 'sslPropertiesSslBundleRegistrar'
2025-08-06T20:45:48.238+05:30 DEBUG 45196 --- [auction_application] [           main] o.s.b.f.s.DefaultListableBeanFactory     : Creating shared instance of singleton bean 'fileWatcher'
2025-08-06T20:45:48.242+05:30 DEBUG 45196 --- [auction_application] [           main] o.s.b.f.s.DefaultListableBeanFactory     : Autowiring by type from bean name 'sslPropertiesSslBundleRegistrar' via factory method to bean named 'fileWatcher'
2025-08-06T20:45:48.265+05:30 DEBUG 45196 --- [auction_application] [           main] o.s.b.f.s.DefaultListableBeanFactory     : Creating shared instance of singleton bean 'lettuceClientResources'
2025-08-06T20:45:48.278+05:30 DEBUG 45196 --- [auction_application] [           main] i.n.u.i.logging.InternalLoggerFactory    : Using SLF4J as the default logging framework
2025-08-06T20:45:48.288+05:30 DEBUG 45196 --- [auction_application] [           main] i.l.c.r.AddressResolverGroupProvider     : Starting without optional netty's non-blocking DNS resolver library
2025-08-06T20:45:48.292+05:30 DEBUG 45196 --- [auction_application] [           main] i.l.c.resource.DefaultClientResources    : -Dio.netty.eventLoopThreads: 12
2025-08-06T20:45:48.307+05:30 DEBUG 45196 --- [auction_application] [           main] i.l.c.r.DefaultEventLoopGroupProvider    : Creating executor io.netty.util.concurrent.DefaultEventExecutorGroup
2025-08-06T20:45:48.329+05:30 DEBUG 45196 --- [auction_application] [           main] i.n.util.concurrent.GlobalEventExecutor  : -Dio.netty.globalEventExecutor.quietPeriodSeconds: 1
2025-08-06T20:45:48.344+05:30 DEBUG 45196 --- [auction_application] [           main] i.n.u.internal.InternalThreadLocalMap    : -Dio.netty.threadLocalMap.stringBuilder.initialSize: 1024
2025-08-06T20:45:48.344+05:30 DEBUG 45196 --- [auction_application] [           main] i.n.u.internal.InternalThreadLocalMap    : -Dio.netty.threadLocalMap.stringBuilder.maxSize: 4096
2025-08-06T20:45:48.354+05:30 DEBUG 45196 --- [auction_application] [           main] io.netty.util.ResourceLeakDetector       : -Dio.netty.leakDetection.level: simple
2025-08-06T20:45:48.354+05:30 DEBUG 45196 --- [auction_application] [           main] io.netty.util.ResourceLeakDetector       : -Dio.netty.leakDetection.targetRecords: 4
2025-08-06T20:45:48.360+05:30 DEBUG 45196 --- [auction_application] [           main] i.n.util.ResourceLeakDetectorFactory     : Loaded default ResourceLeakDetector: io.netty.util.ResourceLeakDetector@58a3d521
2025-08-06T20:45:48.414+05:30 DEBUG 45196 --- [auction_application] [           main] i.n.util.internal.PlatformDependent0     : -Dio.netty.noUnsafe: false
2025-08-06T20:45:48.414+05:30 DEBUG 45196 --- [auction_application] [           main] i.n.util.internal.PlatformDependent0     : Java version: 17
2025-08-06T20:45:48.420+05:30 DEBUG 45196 --- [auction_application] [           main] i.n.util.internal.PlatformDependent0     : sun.misc.Unsafe.theUnsafe: available
2025-08-06T20:45:48.421+05:30 DEBUG 45196 --- [auction_application] [           main] i.n.util.internal.PlatformDependent0     : sun.misc.Unsafe base methods: all available
2025-08-06T20:45:48.422+05:30 DEBUG 45196 --- [auction_application] [           main] i.n.util.internal.PlatformDependent0     : sun.misc.Unsafe.storeFence: available
2025-08-06T20:45:48.422+05:30 DEBUG 45196 --- [auction_application] [           main] i.n.util.internal.PlatformDependent0     : java.nio.Buffer.address: available
2025-08-06T20:45:48.423+05:30 DEBUG 45196 --- [auction_application] [           main] i.n.util.internal.PlatformDependent0     : direct buffer constructor: unavailable: Reflective setAccessible(true) disabled
2025-08-06T20:45:48.424+05:30 DEBUG 45196 --- [auction_application] [           main] i.n.util.internal.PlatformDependent0     : java.nio.Bits.unaligned: available, true
2025-08-06T20:45:48.425+05:30 DEBUG 45196 --- [auction_application] [           main] i.n.util.internal.PlatformDependent0     : jdk.internal.misc.Unsafe.allocateUninitializedArray(int): unavailable: class io.netty.util.internal.PlatformDependent0$7 cannot access class jdk.internal.misc.Unsafe (in module java.base) because module java.base does not export jdk.internal.misc to unnamed module @62fdb4a6
2025-08-06T20:45:48.427+05:30 DEBUG 45196 --- [auction_application] [           main] i.n.util.internal.PlatformDependent0     : java.nio.DirectByteBuffer.<init>(long, {int,long}): unavailable
2025-08-06T20:45:48.427+05:30 DEBUG 45196 --- [auction_application] [           main] i.netty.util.internal.PlatformDependent  : sun.misc.Unsafe: available
2025-08-06T20:45:48.428+05:30 DEBUG 45196 --- [auction_application] [           main] i.netty.util.internal.PlatformDependent  : -Dio.netty.tmpdir: C:\Users\PRATHA~1\AppData\Local\Temp (java.io.tmpdir)
2025-08-06T20:45:48.428+05:30 DEBUG 45196 --- [auction_application] [           main] i.netty.util.internal.PlatformDependent  : -Dio.netty.bitMode: 64 (sun.arch.data.model)
2025-08-06T20:45:48.428+05:30 DEBUG 45196 --- [auction_application] [           main] i.netty.util.internal.PlatformDependent  : Platform: Windows
2025-08-06T20:45:48.429+05:30 DEBUG 45196 --- [auction_application] [           main] i.netty.util.internal.PlatformDependent  : -Dio.netty.maxDirectMemory: -1 bytes
2025-08-06T20:45:48.429+05:30 DEBUG 45196 --- [auction_application] [           main] i.netty.util.internal.PlatformDependent  : -Dio.netty.uninitializedArrayAllocationThreshold: -1
2025-08-06T20:45:48.431+05:30 DEBUG 45196 --- [auction_application] [           main] io.netty.util.internal.CleanerJava9      : java.nio.ByteBuffer.cleaner(): available
2025-08-06T20:45:48.431+05:30 DEBUG 45196 --- [auction_application] [           main] i.netty.util.internal.PlatformDependent  : -Dio.netty.noPreferDirect: false
2025-08-06T20:45:48.442+05:30 DEBUG 45196 --- [auction_application] [           main] i.netty.util.internal.PlatformDependent  : org.jctools-core.MpscChunkedArrayQueue: available
2025-08-06T20:45:48.460+05:30 DEBUG 45196 --- [auction_application] [           main] reactor.util.Loggers                     : Using Slf4j logging framework
2025-08-06T20:45:48.465+05:30 DEBUG 45196 --- [auction_application] [           main] i.l.core.event.jfr.EventRecorderHolder   : Starting with JFR support
2025-08-06T20:45:48.480+05:30 DEBUG 45196 --- [auction_application] [           main] i.l.c.resource.DefaultClientResources    : LatencyUtils/HdrUtils are not available, metrics are disabled
2025-08-06T20:45:48.493+05:30 DEBUG 45196 --- [auction_application] [           main] o.s.b.f.s.DefaultListableBeanFactory     : Autowiring by type from bean name 'redisConnectionFactory' via factory method to bean named 'lettuceClientResources'
2025-08-06T20:45:48.680+05:30 DEBUG 45196 --- [auction_application] [           main] o.s.b.f.s.DefaultListableBeanFactory     : Autowiring by type from bean name 'cacheManager' via factory method to bean named 'spring.cache-org.springframework.boot.autoconfigure.cache.CacheProperties'
2025-08-06T20:45:48.681+05:30 DEBUG 45196 --- [auction_application] [           main] o.s.b.f.s.DefaultListableBeanFactory     : Autowiring by type from bean name 'cacheManager' via factory method to bean named 'cacheManagerCustomizers'
2025-08-06T20:45:48.681+05:30 DEBUG 45196 --- [auction_application] [           main] o.s.b.f.s.DefaultListableBeanFactory     : Autowiring by type from bean name 'cacheManager' via factory method to bean named 'redisConnectionFactory'
2025-08-06T20:45:48.681+05:30 DEBUG 45196 --- [auction_application] [           main] o.s.b.f.s.DefaultListableBeanFactory     : Autowiring by type from bean name 'cacheManager' via factory method to bean named 'org.springframework.web.context.support.GenericWebApplicationContext@5298dead'
2025-08-06T20:45:48.727+05:30 DEBUG 45196 --- [auction_application] [           main] o.s.b.f.s.DefaultListableBeanFactory     : Creating shared instance of singleton bean 'quartzDataSourceScriptDatabaseInitializer'
2025-08-06T20:45:48.727+05:30 DEBUG 45196 --- [auction_application] [           main] o.s.b.f.s.DefaultListableBeanFactory     : Creating shared instance of singleton bean 'org.springframework.boot.autoconfigure.quartz.QuartzAutoConfiguration$JdbcStoreTypeConfiguration'
2025-08-06T20:45:48.733+05:30 DEBUG 45196 --- [auction_application] [           main] o.s.b.f.s.DefaultListableBeanFactory     : Creating shared instance of singleton bean 'dataSource'
2025-08-06T20:45:48.734+05:30 DEBUG 45196 --- [auction_application] [           main] o.s.b.f.s.DefaultListableBeanFactory     : Creating shared instance of singleton bean 'org.springframework.boot.autoconfigure.jdbc.DataSourceConfiguration$Hikari'
2025-08-06T20:45:48.735+05:30 DEBUG 45196 --- [auction_application] [           main] o.s.b.f.s.DefaultListableBeanFactory     : Creating shared instance of singleton bean 'spring.datasource-org.springframework.boot.autoconfigure.jdbc.DataSourceProperties'
2025-08-06T20:45:48.745+05:30 DEBUG 45196 --- [auction_application] [           main] o.s.b.f.s.DefaultListableBeanFactory     : Creating shared instance of singleton bean 'jdbcConnectionDetails'
2025-08-06T20:45:48.745+05:30 DEBUG 45196 --- [auction_application] [           main] o.s.b.f.s.DefaultListableBeanFactory     : Creating shared instance of singleton bean 'org.springframework.boot.autoconfigure.jdbc.DataSourceAutoConfiguration$PooledDataSourceConfiguration'
2025-08-06T20:45:48.746+05:30 DEBUG 45196 --- [auction_application] [           main] o.s.b.f.s.DefaultListableBeanFactory     : Autowiring by type from bean name 'jdbcConnectionDetails' via factory method to bean named 'spring.datasource-org.springframework.boot.autoconfigure.jdbc.DataSourceProperties'
2025-08-06T20:45:48.748+05:30 DEBUG 45196 --- [auction_application] [           main] o.s.b.f.s.DefaultListableBeanFactory     : Autowiring by type from bean name 'dataSource' via factory method to bean named 'spring.datasource-org.springframework.boot.autoconfigure.jdbc.DataSourceProperties'
2025-08-06T20:45:48.748+05:30 DEBUG 45196 --- [auction_application] [           main] o.s.b.f.s.DefaultListableBeanFactory     : Autowiring by type from bean name 'dataSource' via factory method to bean named 'jdbcConnectionDetails'
2025-08-06T20:45:48.754+05:30 DEBUG 45196 --- [auction_application] [           main] com.zaxxer.hikari.HikariConfig           : Driver class org.postgresql.Driver found in Thread context class loader jdk.internal.loader.ClassLoaders$AppClassLoader@73d16e93
2025-08-06T20:45:48.778+05:30 DEBUG 45196 --- [auction_application] [           main] o.s.b.f.s.DefaultListableBeanFactory     : Creating shared instance of singleton bean 'spring.quartz-org.springframework.boot.autoconfigure.quartz.QuartzProperties'
2025-08-06T20:45:48.799+05:30 DEBUG 45196 --- [auction_application] [           main] o.s.b.f.s.DefaultListableBeanFactory     : Autowiring by type from bean name 'quartzDataSourceScriptDatabaseInitializer' via factory method to bean named 'dataSource'
2025-08-06T20:45:48.799+05:30 DEBUG 45196 --- [auction_application] [           main] o.s.b.f.s.DefaultListableBeanFactory     : Autowiring by type from bean name 'quartzDataSourceScriptDatabaseInitializer' via factory method to bean named 'spring.quartz-org.springframework.boot.autoconfigure.quartz.QuartzProperties'
2025-08-06T20:45:48.813+05:30 DEBUG 45196 --- [auction_application] [           main] o.s.jdbc.datasource.DataSourceUtils      : Fetching JDBC Connection from DataSource
2025-08-06T20:45:48.813+05:30 DEBUG 45196 --- [auction_application] [           main] com.zaxxer.hikari.HikariConfig           : HikariPool-1 - configuration:
2025-08-06T20:45:48.817+05:30 DEBUG 45196 --- [auction_application] [           main] com.zaxxer.hikari.HikariConfig           : allowPoolSuspension.............false
2025-08-06T20:45:48.818+05:30 DEBUG 45196 --- [auction_application] [           main] com.zaxxer.hikari.HikariConfig           : autoCommit......................true
2025-08-06T20:45:48.818+05:30 DEBUG 45196 --- [auction_application] [           main] com.zaxxer.hikari.HikariConfig           : catalog.........................none
2025-08-06T20:45:48.818+05:30 DEBUG 45196 --- [auction_application] [           main] com.zaxxer.hikari.HikariConfig           : connectionInitSql...............none
2025-08-06T20:45:48.819+05:30 DEBUG 45196 --- [auction_application] [           main] com.zaxxer.hikari.HikariConfig           : connectionTestQuery.............none
2025-08-06T20:45:48.819+05:30 DEBUG 45196 --- [auction_application] [           main] com.zaxxer.hikari.HikariConfig           : connectionTimeout...............30000
2025-08-06T20:45:48.819+05:30 DEBUG 45196 --- [auction_application] [           main] com.zaxxer.hikari.HikariConfig           : dataSource......................none
2025-08-06T20:45:48.819+05:30 DEBUG 45196 --- [auction_application] [           main] com.zaxxer.hikari.HikariConfig           : dataSourceClassName.............none
2025-08-06T20:45:48.820+05:30 DEBUG 45196 --- [auction_application] [           main] com.zaxxer.hikari.HikariConfig           : dataSourceJNDI..................none
2025-08-06T20:45:48.820+05:30 DEBUG 45196 --- [auction_application] [           main] com.zaxxer.hikari.HikariConfig           : dataSourceProperties............{password=<masked>}
2025-08-06T20:45:48.821+05:30 DEBUG 45196 --- [auction_application] [           main] com.zaxxer.hikari.HikariConfig           : driverClassName................."org.postgresql.Driver"
2025-08-06T20:45:48.821+05:30 DEBUG 45196 --- [auction_application] [           main] com.zaxxer.hikari.HikariConfig           : exceptionOverrideClassName......none
2025-08-06T20:45:48.822+05:30 DEBUG 45196 --- [auction_application] [           main] com.zaxxer.hikari.HikariConfig           : healthCheckProperties...........{}
2025-08-06T20:45:48.822+05:30 DEBUG 45196 --- [auction_application] [           main] com.zaxxer.hikari.HikariConfig           : healthCheckRegistry.............none
2025-08-06T20:45:48.825+05:30 DEBUG 45196 --- [auction_application] [           main] com.zaxxer.hikari.HikariConfig           : idleTimeout.....................600000
2025-08-06T20:45:48.826+05:30 DEBUG 45196 --- [auction_application] [           main] com.zaxxer.hikari.HikariConfig           : initializationFailTimeout.......1
2025-08-06T20:45:48.826+05:30 DEBUG 45196 --- [auction_application] [           main] com.zaxxer.hikari.HikariConfig           : isolateInternalQueries..........false
2025-08-06T20:45:48.827+05:30 DEBUG 45196 --- [auction_application] [           main] com.zaxxer.hikari.HikariConfig           : jdbcUrl.........................jdbc:postgresql://dpg-d285g8re5dus73f8aun0-a.singapore-postgres.render.com/auction_database_47cx?currentSchema=auction_schema
2025-08-06T20:45:48.827+05:30 DEBUG 45196 --- [auction_application] [           main] com.zaxxer.hikari.HikariConfig           : keepaliveTime...................0
2025-08-06T20:45:48.827+05:30 DEBUG 45196 --- [auction_application] [           main] com.zaxxer.hikari.HikariConfig           : leakDetectionThreshold..........0
2025-08-06T20:45:48.827+05:30 DEBUG 45196 --- [auction_application] [           main] com.zaxxer.hikari.HikariConfig           : maxLifetime.....................1800000
2025-08-06T20:45:48.827+05:30 DEBUG 45196 --- [auction_application] [           main] com.zaxxer.hikari.HikariConfig           : maximumPoolSize.................10
2025-08-06T20:45:48.827+05:30 DEBUG 45196 --- [auction_application] [           main] com.zaxxer.hikari.HikariConfig           : metricRegistry..................none
2025-08-06T20:45:48.827+05:30 DEBUG 45196 --- [auction_application] [           main] com.zaxxer.hikari.HikariConfig           : metricsTrackerFactory...........none
2025-08-06T20:45:48.827+05:30 DEBUG 45196 --- [auction_application] [           main] com.zaxxer.hikari.HikariConfig           : minimumIdle.....................10
2025-08-06T20:45:48.827+05:30 DEBUG 45196 --- [auction_application] [           main] com.zaxxer.hikari.HikariConfig           : password........................<masked>
2025-08-06T20:45:48.827+05:30 DEBUG 45196 --- [auction_application] [           main] com.zaxxer.hikari.HikariConfig           : poolName........................"HikariPool-1"
2025-08-06T20:45:48.827+05:30 DEBUG 45196 --- [auction_application] [           main] com.zaxxer.hikari.HikariConfig           : readOnly........................false
2025-08-06T20:45:48.828+05:30 DEBUG 45196 --- [auction_application] [           main] com.zaxxer.hikari.HikariConfig           : registerMbeans..................false
2025-08-06T20:45:48.828+05:30 DEBUG 45196 --- [auction_application] [           main] com.zaxxer.hikari.HikariConfig           : scheduledExecutor...............none
2025-08-06T20:45:48.828+05:30 DEBUG 45196 --- [auction_application] [           main] com.zaxxer.hikari.HikariConfig           : schema..........................none
2025-08-06T20:45:48.828+05:30 DEBUG 45196 --- [auction_application] [           main] com.zaxxer.hikari.HikariConfig           : threadFactory...................internal
2025-08-06T20:45:48.828+05:30 DEBUG 45196 --- [auction_application] [           main] com.zaxxer.hikari.HikariConfig           : transactionIsolation............default
2025-08-06T20:45:48.828+05:30 DEBUG 45196 --- [auction_application] [           main] com.zaxxer.hikari.HikariConfig           : username........................"auction_database_47cx_user"
2025-08-06T20:45:48.828+05:30 DEBUG 45196 --- [auction_application] [           main] com.zaxxer.hikari.HikariConfig           : validationTimeout...............5000
2025-08-06T20:45:48.828+05:30  INFO 45196 --- [auction_application] [           main] com.zaxxer.hikari.HikariDataSource       : HikariPool-1 - Starting...
2025-08-06T20:45:48.862+05:30 DEBUG 45196 --- [auction_application] [           main] org.postgresql.Driver                    : Loading driver configuration via classloader jdk.internal.loader.ClassLoaders$AppClassLoader@73d16e93
2025-08-06T20:45:48.865+05:30 DEBUG 45196 --- [auction_application] [           main] org.postgresql.Driver                    : Connecting with URL: jdbc:postgresql://dpg-d285g8re5dus73f8aun0-a.singapore-postgres.render.com/auction_database_47cx?currentSchema=auction_schema
2025-08-06T20:45:48.889+05:30 DEBUG 45196 --- [auction_application] [           main] org.postgresql.jdbc.PgConnection         : PostgreSQL JDBC Driver 42.7.4
2025-08-06T20:45:48.891+05:30 DEBUG 45196 --- [auction_application] [           main] org.postgresql.jdbc.PgConnection         :   setDefaultFetchSize = 0
2025-08-06T20:45:48.891+05:30 DEBUG 45196 --- [auction_application] [           main] org.postgresql.jdbc.PgConnection         :   setPrepareThreshold = 5
2025-08-06T20:45:48.910+05:30 DEBUG 45196 --- [auction_application] [           main] o.p.core.v3.ConnectionFactoryImpl        : Trying to establish a protocol version 3 connection to dpg-d285g8re5dus73f8aun0-a.singapore-postgres.render.com:5432
2025-08-06T20:45:49.100+05:30 DEBUG 45196 --- [auction_application] [           main] o.p.core.v3.ConnectionFactoryImpl        : Receive Buffer Size is 65,536
2025-08-06T20:45:49.100+05:30 DEBUG 45196 --- [auction_application] [           main] o.p.core.v3.ConnectionFactoryImpl        : Send Buffer Size is 65,536
2025-08-06T20:45:49.260+05:30 DEBUG 45196 --- [auction_application] [           main] org.postgresql.ssl.MakeSSL               : converting regular socket connection to ssl
2025-08-06T20:45:49.694+05:30 DEBUG 45196 --- [auction_application] [           main] jdk.event.security                       : X509Certificate: Alg:SHA256withRSA, Serial:69d81483263975d5a17a8242c2840d1d3fe, Subject:CN=aws-ap-southeast-1-1-postgres.render.com, Issuer:CN=R11, O=Let's Encrypt, C=US, Key type:RSA, Length:2048, Cert Id:1642598958, Valid from:7/13/25, 1:15 AM, Valid until:10/11/25, 1:15 AM
2025-08-06T20:45:49.696+05:30 DEBUG 45196 --- [auction_application] [           main] jdk.event.security                       : X509Certificate: Alg:SHA256withRSA, Serial:8a7d3e13d62f30ef2386bd29076b34f8, Subject:CN=R11, O=Let's Encrypt, C=US, Issuer:CN=ISRG Root X1, O=Internet Security Research Group, C=US, Key type:RSA, Length:2048, Cert Id:-1875479740, Valid from:3/13/24, 5:30 AM, Valid until:3/13/27, 5:29 AM
2025-08-06T20:45:49.711+05:30 DEBUG 45196 --- [auction_application] [           main] jdk.event.security                       :  TLSHandshake: dpg-d285g8re5dus73f8aun0-a.singapore-postgres.render.com:5432, TLSv1.3, TLS_AES_128_GCM_SHA256, 1642598958
2025-08-06T20:45:50.584+05:30  INFO 45196 --- [auction_application] [           main] com.zaxxer.hikari.pool.HikariPool        : HikariPool-1 - Added connection org.postgresql.jdbc.PgConnection@4ae49387
2025-08-06T20:45:50.585+05:30  INFO 45196 --- [auction_application] [           main] com.zaxxer.hikari.HikariDataSource       : HikariPool-1 - Start completed.
2025-08-06T20:45:50.597+05:30 DEBUG 45196 --- [auction_application] [           main] o.s.jdbc.datasource.DataSourceUtils      : Fetching JDBC Connection from DataSource
2025-08-06T20:45:50.598+05:30 DEBUG 45196 --- [auction_application] [           main] o.s.jdbc.datasource.init.ScriptUtils     : Executing SQL script from class path resource [org/quartz/impl/jdbcjobstore/tables_postgres.sql]
2025-08-06T20:45:50.690+05:30 DEBUG 45196 --- [auction_application] [l-1 housekeeper] com.zaxxer.hikari.pool.HikariPool        : HikariPool-1 - Pool stats (total=1, active=1, idle=0, waiting=0)
2025-08-06T20:45:50.691+05:30 DEBUG 45196 --- [auction_application] [onnection adder] org.postgresql.Driver                    : Connecting with URL: jdbc:postgresql://dpg-d285g8re5dus73f8aun0-a.singapore-postgres.render.com/auction_database_47cx?currentSchema=auction_schema
2025-08-06T20:45:50.691+05:30 DEBUG 45196 --- [auction_application] [onnection adder] org.postgresql.jdbc.PgConnection         : PostgreSQL JDBC Driver 42.7.4
2025-08-06T20:45:50.691+05:30 DEBUG 45196 --- [auction_application] [onnection adder] org.postgresql.jdbc.PgConnection         :   setDefaultFetchSize = 0
2025-08-06T20:45:50.691+05:30 DEBUG 45196 --- [auction_application] [onnection adder] org.postgresql.jdbc.PgConnection         :   setPrepareThreshold = 5
2025-08-06T20:45:50.692+05:30 DEBUG 45196 --- [auction_application] [onnection adder] o.p.core.v3.ConnectionFactoryImpl        : Trying to establish a protocol version 3 connection to dpg-d285g8re5dus73f8aun0-a.singapore-postgres.render.com:5432
2025-08-06T20:45:50.702+05:30 DEBUG 45196 --- [auction_application] [           main] o.s.jdbc.datasource.init.ScriptUtils     : 0 returned as update count for SQL: DROP TABLE IF EXISTS QRTZ_FIRED_TRIGGERS
2025-08-06T20:45:50.810+05:30 DEBUG 45196 --- [auction_application] [onnection adder] o.p.core.v3.ConnectionFactoryImpl        : Receive Buffer Size is 65,536
2025-08-06T20:45:50.811+05:30 DEBUG 45196 --- [auction_application] [onnection adder] o.p.core.v3.ConnectionFactoryImpl        : Send Buffer Size is 65,536
2025-08-06T20:45:50.819+05:30 DEBUG 45196 --- [auction_application] [           main] o.s.jdbc.datasource.init.ScriptUtils     : 0 returned as update count for SQL: DROP TABLE IF EXISTS QRTZ_PAUSED_TRIGGER_GRPS
2025-08-06T20:45:50.945+05:30 DEBUG 45196 --- [auction_application] [onnection adder] org.postgresql.ssl.MakeSSL               : converting regular socket connection to ssl
2025-08-06T20:45:50.950+05:30 DEBUG 45196 --- [auction_application] [           main] o.s.jdbc.datasource.init.ScriptUtils     : 0 returned as update count for SQL: DROP TABLE IF EXISTS QRTZ_SCHEDULER_STATE
2025-08-06T20:45:51.092+05:30 DEBUG 45196 --- [auction_application] [onnection adder] jdk.event.security                       : X509Certificate: Alg:SHA256withRSA, Serial:69d81483263975d5a17a8242c2840d1d3fe, Subject:CN=aws-ap-southeast-1-1-postgres.render.com, Issuer:CN=R11, O=Let's Encrypt, C=US, Key type:RSA, Length:2048, Cert Id:1642598958, Valid from:7/13/25, 1:15 AM, Valid until:10/11/25, 1:15 AM
2025-08-06T20:45:51.093+05:30 DEBUG 45196 --- [auction_application] [onnection adder] jdk.event.security                       : X509Certificate: Alg:SHA256withRSA, Serial:8a7d3e13d62f30ef2386bd29076b34f8, Subject:CN=R11, O=Let's Encrypt, C=US, Issuer:CN=ISRG Root X1, O=Internet Security Research Group, C=US, Key type:RSA, Length:2048, Cert Id:-1875479740, Valid from:3/13/24, 5:30 AM, Valid until:3/13/27, 5:29 AM
2025-08-06T20:45:51.099+05:30 DEBUG 45196 --- [auction_application] [onnection adder] jdk.event.security                       :  TLSHandshake: dpg-d285g8re5dus73f8aun0-a.singapore-postgres.render.com:5432, TLSv1.3, TLS_AES_128_GCM_SHA256, 1642598958
2025-08-06T20:45:51.101+05:30 DEBUG 45196 --- [auction_application] [           main] o.s.jdbc.datasource.init.ScriptUtils     : 0 returned as update count for SQL: DROP TABLE IF EXISTS QRTZ_LOCKS
2025-08-06T20:45:51.264+05:30 DEBUG 45196 --- [auction_application] [           main] o.s.jdbc.datasource.init.ScriptUtils     : 0 returned as update count for SQL: DROP TABLE IF EXISTS QRTZ_SIMPLE_TRIGGERS
2025-08-06T20:45:51.416+05:30 DEBUG 45196 --- [auction_application] [           main] o.s.jdbc.datasource.init.ScriptUtils     : 0 returned as update count for SQL: DROP TABLE IF EXISTS QRTZ_CRON_TRIGGERS
2025-08-06T20:45:51.557+05:30 DEBUG 45196 --- [auction_application] [           main] o.s.jdbc.datasource.init.ScriptUtils     : 0 returned as update count for SQL: DROP TABLE IF EXISTS QRTZ_SIMPROP_TRIGGERS
2025-08-06T20:45:51.679+05:30 DEBUG 45196 --- [auction_application] [           main] o.s.jdbc.datasource.init.ScriptUtils     : 0 returned as update count for SQL: DROP TABLE IF EXISTS QRTZ_BLOB_TRIGGERS
2025-08-06T20:45:51.703+05:30 DEBUG 45196 --- [auction_application] [onnection adder] com.zaxxer.hikari.pool.HikariPool        : HikariPool-1 - Added connection org.postgresql.jdbc.PgConnection@3b4484c6
2025-08-06T20:45:51.734+05:30 DEBUG 45196 --- [auction_application] [onnection adder] com.zaxxer.hikari.pool.HikariPool        : HikariPool-1 - After adding stats (total=2, active=1, idle=1, waiting=0)
2025-08-06T20:45:51.735+05:30 DEBUG 45196 --- [auction_application] [onnection adder] org.postgresql.Driver                    : Connecting with URL: jdbc:postgresql://dpg-d285g8re5dus73f8aun0-a.singapore-postgres.render.com/auction_database_47cx?currentSchema=auction_schema
2025-08-06T20:45:51.735+05:30 DEBUG 45196 --- [auction_application] [onnection adder] org.postgresql.jdbc.PgConnection         : PostgreSQL JDBC Driver 42.7.4
2025-08-06T20:45:51.735+05:30 DEBUG 45196 --- [auction_application] [onnection adder] org.postgresql.jdbc.PgConnection         :   setDefaultFetchSize = 0
2025-08-06T20:45:51.735+05:30 DEBUG 45196 --- [auction_application] [onnection adder] org.postgresql.jdbc.PgConnection         :   setPrepareThreshold = 5
2025-08-06T20:45:51.735+05:30 DEBUG 45196 --- [auction_application] [onnection adder] o.p.core.v3.ConnectionFactoryImpl        : Trying to establish a protocol version 3 connection to dpg-d285g8re5dus73f8aun0-a.singapore-postgres.render.com:5432
2025-08-06T20:45:51.807+05:30 DEBUG 45196 --- [auction_application] [           main] o.s.jdbc.datasource.init.ScriptUtils     : 0 returned as update count for SQL: DROP TABLE IF EXISTS QRTZ_TRIGGERS
2025-08-06T20:45:51.850+05:30 DEBUG 45196 --- [auction_application] [onnection adder] o.p.core.v3.ConnectionFactoryImpl        : Receive Buffer Size is 65,536
2025-08-06T20:45:51.850+05:30 DEBUG 45196 --- [auction_application] [onnection adder] o.p.core.v3.ConnectionFactoryImpl        : Send Buffer Size is 65,536
2025-08-06T20:45:51.934+05:30 DEBUG 45196 --- [auction_application] [           main] o.s.jdbc.datasource.init.ScriptUtils     : 0 returned as update count for SQL: DROP TABLE IF EXISTS QRTZ_JOB_DETAILS
2025-08-06T20:45:51.960+05:30 DEBUG 45196 --- [auction_application] [onnection adder] org.postgresql.ssl.MakeSSL               : converting regular socket connection to ssl
2025-08-06T20:45:52.056+05:30 DEBUG 45196 --- [auction_application] [           main] o.s.jdbc.datasource.init.ScriptUtils     : 0 returned as update count for SQL: DROP TABLE IF EXISTS QRTZ_CALENDARS
2025-08-06T20:45:52.086+05:30 DEBUG 45196 --- [auction_application] [onnection adder] jdk.event.security                       : X509Certificate: Alg:SHA256withRSA, Serial:69d81483263975d5a17a8242c2840d1d3fe, Subject:CN=aws-ap-southeast-1-1-postgres.render.com, Issuer:CN=R11, O=Let's Encrypt, C=US, Key type:RSA, Length:2048, Cert Id:1642598958, Valid from:7/13/25, 1:15 AM, Valid until:10/11/25, 1:15 AM
2025-08-06T20:45:52.087+05:30 DEBUG 45196 --- [auction_application] [onnection adder] jdk.event.security                       : X509Certificate: Alg:SHA256withRSA, Serial:8a7d3e13d62f30ef2386bd29076b34f8, Subject:CN=R11, O=Let's Encrypt, C=US, Issuer:CN=ISRG Root X1, O=Internet Security Research Group, C=US, Key type:RSA, Length:2048, Cert Id:-1875479740, Valid from:3/13/24, 5:30 AM, Valid until:3/13/27, 5:29 AM
2025-08-06T20:45:52.089+05:30 DEBUG 45196 --- [auction_application] [onnection adder] jdk.event.security                       :  TLSHandshake: dpg-d285g8re5dus73f8aun0-a.singapore-postgres.render.com:5432, TLSv1.3, TLS_AES_128_GCM_SHA256, 1642598958
2025-08-06T20:45:52.165+05:30 DEBUG 45196 --- [auction_application] [           main] o.s.jdbc.datasource.init.ScriptUtils     : 0 returned as update count for SQL: CREATE TABLE QRTZ_JOB_DETAILS ( SCHED_NAME VARCHAR(120) NOT NULL, JOB_NAME VARCHAR(200) NOT NULL, JOB_GROUP VARCHAR(200) NOT NULL, DESCRIPTION VARCHAR(250) NULL, JOB_CLASS_NAME VARCHAR(250) NOT NULL, IS_DURABLE BOOL NOT NULL, IS_NONCONCURRENT BOOL NOT NULL, IS_UPDATE_DATA BOOL NOT NULL, REQUESTS_RECOVERY BOOL NOT NULL, JOB_DATA BYTEA NULL, PRIMARY KEY (SCHED_NAME, JOB_NAME, JOB_GROUP) )
2025-08-06T20:45:52.282+05:30 DEBUG 45196 --- [auction_application] [           main] o.s.jdbc.datasource.init.ScriptUtils     : 0 returned as update count for SQL: CREATE TABLE QRTZ_TRIGGERS ( SCHED_NAME VARCHAR(120) NOT NULL, TRIGGER_NAME VARCHAR(200) NOT NULL, TRIGGER_GROUP VARCHAR(200) NOT NULL, JOB_NAME VARCHAR(200) NOT NULL, JOB_GROUP VARCHAR(200) NOT NULL, DESCRIPTION VARCHAR(250) NULL, NEXT_FIRE_TIME BIGINT NULL, PREV_FIRE_TIME BIGINT NULL, PRIORITY INTEGER NULL, TRIGGER_STATE VARCHAR(16) NOT NULL, TRIGGER_TYPE VARCHAR(8) NOT NULL, START_TIME BIGINT NOT NULL, END_TIME BIGINT NULL, CALENDAR_NAME VARCHAR(200) NULL, MISFIRE_INSTR SMALLINT NULL, JOB_DATA BYTEA NULL, PRIMARY KEY (SCHED_NAME, TRIGGER_NAME, TRIGGER_GROUP), FOREIGN KEY (SCHED_NAME, JOB_NAME, JOB_GROUP) REFERENCES QRTZ_JOB_DETAILS (SCHED_NAME, JOB_NAME, JOB_GROUP) )
2025-08-06T20:45:52.388+05:30 DEBUG 45196 --- [auction_application] [           main] o.s.jdbc.datasource.init.ScriptUtils     : 0 returned as update count for SQL: CREATE TABLE QRTZ_SIMPLE_TRIGGERS ( SCHED_NAME VARCHAR(120) NOT NULL, TRIGGER_NAME VARCHAR(200) NOT NULL, TRIGGER_GROUP VARCHAR(200) NOT NULL, REPEAT_COUNT BIGINT NOT NULL, REPEAT_INTERVAL BIGINT NOT NULL, TIMES_TRIGGERED BIGINT NOT NULL, PRIMARY KEY (SCHED_NAME, TRIGGER_NAME, TRIGGER_GROUP), FOREIGN KEY (SCHED_NAME, TRIGGER_NAME, TRIGGER_GROUP) REFERENCES QRTZ_TRIGGERS (SCHED_NAME, TRIGGER_NAME, TRIGGER_GROUP) )
2025-08-06T20:45:52.501+05:30 DEBUG 45196 --- [auction_application] [           main] o.s.jdbc.datasource.init.ScriptUtils     : 0 returned as update count for SQL: CREATE TABLE QRTZ_CRON_TRIGGERS ( SCHED_NAME VARCHAR(120) NOT NULL, TRIGGER_NAME VARCHAR(200) NOT NULL, TRIGGER_GROUP VARCHAR(200) NOT NULL, CRON_EXPRESSION VARCHAR(120) NOT NULL, TIME_ZONE_ID VARCHAR(80), PRIMARY KEY (SCHED_NAME, TRIGGER_NAME, TRIGGER_GROUP), FOREIGN KEY (SCHED_NAME, TRIGGER_NAME, TRIGGER_GROUP) REFERENCES QRTZ_TRIGGERS (SCHED_NAME, TRIGGER_NAME, TRIGGER_GROUP) )
2025-08-06T20:45:52.619+05:30 DEBUG 45196 --- [auction_application] [           main] o.s.jdbc.datasource.init.ScriptUtils     : 0 returned as update count for SQL: CREATE TABLE QRTZ_SIMPROP_TRIGGERS ( SCHED_NAME VARCHAR(120) NOT NULL, TRIGGER_NAME VARCHAR(200) NOT NULL, TRIGGER_GROUP VARCHAR(200) NOT NULL, STR_PROP_1 VARCHAR(512) NULL, STR_PROP_2 VARCHAR(512) NULL, STR_PROP_3 VARCHAR(512) NULL, INT_PROP_1 INT NULL, INT_PROP_2 INT NULL, LONG_PROP_1 BIGINT NULL, LONG_PROP_2 BIGINT NULL, DEC_PROP_1 NUMERIC(13, 4) NULL, DEC_PROP_2 NUMERIC(13, 4) NULL, BOOL_PROP_1 BOOL NULL, BOOL_PROP_2 BOOL NULL, PRIMARY KEY (SCHED_NAME, TRIGGER_NAME, TRIGGER_GROUP), FOREIGN KEY (SCHED_NAME, TRIGGER_NAME, TRIGGER_GROUP) REFERENCES QRTZ_TRIGGERS (SCHED_NAME, TRIGGER_NAME, TRIGGER_GROUP) )
2025-08-06T20:45:52.736+05:30 DEBUG 45196 --- [auction_application] [           main] o.s.jdbc.datasource.init.ScriptUtils     : 0 returned as update count for SQL: CREATE TABLE QRTZ_BLOB_TRIGGERS ( SCHED_NAME VARCHAR(120) NOT NULL, TRIGGER_NAME VARCHAR(200) NOT NULL, TRIGGER_GROUP VARCHAR(200) NOT NULL, BLOB_DATA BYTEA NULL, PRIMARY KEY (SCHED_NAME, TRIGGER_NAME, TRIGGER_GROUP), FOREIGN KEY (SCHED_NAME, TRIGGER_NAME, TRIGGER_GROUP) REFERENCES QRTZ_TRIGGERS (SCHED_NAME, TRIGGER_NAME, TRIGGER_GROUP) )
2025-08-06T20:45:52.877+05:30 DEBUG 45196 --- [auction_application] [           main] o.s.jdbc.datasource.init.ScriptUtils     : 0 returned as update count for SQL: CREATE TABLE QRTZ_CALENDARS ( SCHED_NAME VARCHAR(120) NOT NULL, CALENDAR_NAME VARCHAR(200) NOT NULL, CALENDAR BYTEA NOT NULL, PRIMARY KEY (SCHED_NAME, CALENDAR_NAME) )
2025-08-06T20:45:52.990+05:30 DEBUG 45196 --- [auction_application] [           main] o.s.jdbc.datasource.init.ScriptUtils     : 0 returned as update count for SQL: CREATE TABLE QRTZ_PAUSED_TRIGGER_GRPS ( SCHED_NAME VARCHAR(120) NOT NULL, TRIGGER_GROUP VARCHAR(200) NOT NULL, PRIMARY KEY (SCHED_NAME, TRIGGER_GROUP) )
2025-08-06T20:45:53.137+05:30 DEBUG 45196 --- [auction_application] [           main] o.s.jdbc.datasource.init.ScriptUtils     : 0 returned as update count for SQL: CREATE TABLE QRTZ_FIRED_TRIGGERS ( SCHED_NAME VARCHAR(120) NOT NULL, ENTRY_ID VARCHAR(95) NOT NULL, TRIGGER_NAME VARCHAR(200) NOT NULL, TRIGGER_GROUP VARCHAR(200) NOT NULL, INSTANCE_NAME VARCHAR(200) NOT NULL, FIRED_TIME BIGINT NOT NULL, SCHED_TIME BIGINT NOT NULL, PRIORITY INTEGER NOT NULL, STATE VARCHAR(16) NOT NULL, JOB_NAME VARCHAR(200) NULL, JOB_GROUP VARCHAR(200) NULL, IS_NONCONCURRENT BOOL NULL, REQUESTS_RECOVERY BOOL NULL, PRIMARY KEY (SCHED_NAME, ENTRY_ID) )
2025-08-06T20:45:53.261+05:30 DEBUG 45196 --- [auction_application] [           main] o.s.jdbc.datasource.init.ScriptUtils     : 0 returned as update count for SQL: CREATE TABLE QRTZ_SCHEDULER_STATE ( SCHED_NAME VARCHAR(120) NOT NULL, INSTANCE_NAME VARCHAR(200) NOT NULL, LAST_CHECKIN_TIME BIGINT NOT NULL, CHECKIN_INTERVAL BIGINT NOT NULL, PRIMARY KEY (SCHED_NAME, INSTANCE_NAME) )
2025-08-06T20:45:53.380+05:30 DEBUG 45196 --- [auction_application] [           main] o.s.jdbc.datasource.init.ScriptUtils     : 0 returned as update count for SQL: CREATE TABLE QRTZ_LOCKS ( SCHED_NAME VARCHAR(120) NOT NULL, LOCK_NAME VARCHAR(40) NOT NULL, PRIMARY KEY (SCHED_NAME, LOCK_NAME) )
2025-08-06T20:45:53.523+05:30 DEBUG 45196 --- [auction_application] [           main] o.s.jdbc.datasource.init.ScriptUtils     : 0 returned as update count for SQL: CREATE INDEX IDX_QRTZ_J_REQ_RECOVERY ON QRTZ_JOB_DETAILS (SCHED_NAME, REQUESTS_RECOVERY)
2025-08-06T20:45:53.643+05:30 DEBUG 45196 --- [auction_application] [onnection adder] com.zaxxer.hikari.pool.HikariPool        : HikariPool-1 - Added connection org.postgresql.jdbc.PgConnection@7e461dca
2025-08-06T20:45:53.659+05:30 DEBUG 45196 --- [auction_application] [           main] o.s.jdbc.datasource.init.ScriptUtils     : 0 returned as update count for SQL: CREATE INDEX IDX_QRTZ_J_GRP ON QRTZ_JOB_DETAILS (SCHED_NAME, JOB_GROUP)
2025-08-06T20:45:53.676+05:30 DEBUG 45196 --- [auction_application] [onnection adder] com.zaxxer.hikari.pool.HikariPool        : HikariPool-1 - After adding stats (total=3, active=1, idle=2, waiting=0)
2025-08-06T20:45:53.676+05:30 DEBUG 45196 --- [auction_application] [onnection adder] org.postgresql.Driver                    : Connecting with URL: jdbc:postgresql://dpg-d285g8re5dus73f8aun0-a.singapore-postgres.render.com/auction_database_47cx?currentSchema=auction_schema
2025-08-06T20:45:53.676+05:30 DEBUG 45196 --- [auction_application] [onnection adder] org.postgresql.jdbc.PgConnection         : PostgreSQL JDBC Driver 42.7.4
2025-08-06T20:45:53.677+05:30 DEBUG 45196 --- [auction_application] [onnection adder] org.postgresql.jdbc.PgConnection         :   setDefaultFetchSize = 0
2025-08-06T20:45:53.677+05:30 DEBUG 45196 --- [auction_application] [onnection adder] org.postgresql.jdbc.PgConnection         :   setPrepareThreshold = 5
2025-08-06T20:45:53.677+05:30 DEBUG 45196 --- [auction_application] [onnection adder] o.p.core.v3.ConnectionFactoryImpl        : Trying to establish a protocol version 3 connection to dpg-d285g8re5dus73f8aun0-a.singapore-postgres.render.com:5432
2025-08-06T20:45:53.783+05:30 DEBUG 45196 --- [auction_application] [           main] o.s.jdbc.datasource.init.ScriptUtils     : 0 returned as update count for SQL: CREATE INDEX IDX_QRTZ_T_J ON QRTZ_TRIGGERS (SCHED_NAME, JOB_NAME, JOB_GROUP)
2025-08-06T20:45:53.783+05:30 DEBUG 45196 --- [auction_application] [onnection adder] o.p.core.v3.ConnectionFactoryImpl        : Receive Buffer Size is 65,536
2025-08-06T20:45:53.783+05:30 DEBUG 45196 --- [auction_application] [onnection adder] o.p.core.v3.ConnectionFactoryImpl        : Send Buffer Size is 65,536
2025-08-06T20:45:53.916+05:30 DEBUG 45196 --- [auction_application] [onnection adder] org.postgresql.ssl.MakeSSL               : converting regular socket connection to ssl
2025-08-06T20:45:53.916+05:30 DEBUG 45196 --- [auction_application] [           main] o.s.jdbc.datasource.init.ScriptUtils     : 0 returned as update count for SQL: CREATE INDEX IDX_QRTZ_T_JG ON QRTZ_TRIGGERS (SCHED_NAME, JOB_GROUP)
2025-08-06T20:45:54.070+05:30 DEBUG 45196 --- [auction_application] [           main] o.s.jdbc.datasource.init.ScriptUtils     : 0 returned as update count for SQL: CREATE INDEX IDX_QRTZ_T_C ON QRTZ_TRIGGERS (SCHED_NAME, CALENDAR_NAME)
2025-08-06T20:45:54.100+05:30 DEBUG 45196 --- [auction_application] [onnection adder] jdk.event.security                       : X509Certificate: Alg:SHA256withRSA, Serial:69d81483263975d5a17a8242c2840d1d3fe, Subject:CN=aws-ap-southeast-1-1-postgres.render.com, Issuer:CN=R11, O=Let's Encrypt, C=US, Key type:RSA, Length:2048, Cert Id:1642598958, Valid from:7/13/25, 1:15 AM, Valid until:10/11/25, 1:15 AM
2025-08-06T20:45:54.101+05:30 DEBUG 45196 --- [auction_application] [onnection adder] jdk.event.security                       : X509Certificate: Alg:SHA256withRSA, Serial:8a7d3e13d62f30ef2386bd29076b34f8, Subject:CN=R11, O=Let's Encrypt, C=US, Issuer:CN=ISRG Root X1, O=Internet Security Research Group, C=US, Key type:RSA, Length:2048, Cert Id:-1875479740, Valid from:3/13/24, 5:30 AM, Valid until:3/13/27, 5:29 AM
2025-08-06T20:45:54.103+05:30 DEBUG 45196 --- [auction_application] [onnection adder] jdk.event.security                       :  TLSHandshake: dpg-d285g8re5dus73f8aun0-a.singapore-postgres.render.com:5432, TLSv1.3, TLS_AES_128_GCM_SHA256, 1642598958
2025-08-06T20:45:54.225+05:30 DEBUG 45196 --- [auction_application] [           main] o.s.jdbc.datasource.init.ScriptUtils     : 0 returned as update count for SQL: CREATE INDEX IDX_QRTZ_T_G ON QRTZ_TRIGGERS (SCHED_NAME, TRIGGER_GROUP)
2025-08-06T20:45:54.384+05:30 DEBUG 45196 --- [auction_application] [           main] o.s.jdbc.datasource.init.ScriptUtils     : 0 returned as update count for SQL: CREATE INDEX IDX_QRTZ_T_STATE ON QRTZ_TRIGGERS (SCHED_NAME, TRIGGER_STATE)
2025-08-06T20:45:54.750+05:30 DEBUG 45196 --- [auction_application] [           main] o.s.jdbc.datasource.init.ScriptUtils     : 0 returned as update count for SQL: CREATE INDEX IDX_QRTZ_T_N_STATE ON QRTZ_TRIGGERS (SCHED_NAME, TRIGGER_NAME, TRIGGER_GROUP, TRIGGER_STATE)
2025-08-06T20:45:54.892+05:30 DEBUG 45196 --- [auction_application] [           main] o.s.jdbc.datasource.init.ScriptUtils     : 0 returned as update count for SQL: CREATE INDEX IDX_QRTZ_T_N_G_STATE ON QRTZ_TRIGGERS (SCHED_NAME, TRIGGER_GROUP, TRIGGER_STATE)
2025-08-06T20:45:55.006+05:30 DEBUG 45196 --- [auction_application] [onnection adder] com.zaxxer.hikari.pool.HikariPool        : HikariPool-1 - Added connection org.postgresql.jdbc.PgConnection@28519ceb
2025-08-06T20:45:55.026+05:30 DEBUG 45196 --- [auction_application] [           main] o.s.jdbc.datasource.init.ScriptUtils     : 0 returned as update count for SQL: CREATE INDEX IDX_QRTZ_T_NEXT_FIRE_TIME ON QRTZ_TRIGGERS (SCHED_NAME, NEXT_FIRE_TIME)
2025-08-06T20:45:55.047+05:30 DEBUG 45196 --- [auction_application] [onnection adder] com.zaxxer.hikari.pool.HikariPool        : HikariPool-1 - After adding stats (total=4, active=1, idle=3, waiting=0)
2025-08-06T20:45:55.047+05:30 DEBUG 45196 --- [auction_application] [onnection adder] org.postgresql.Driver                    : Connecting with URL: jdbc:postgresql://dpg-d285g8re5dus73f8aun0-a.singapore-postgres.render.com/auction_database_47cx?currentSchema=auction_schema
2025-08-06T20:45:55.047+05:30 DEBUG 45196 --- [auction_application] [onnection adder] org.postgresql.jdbc.PgConnection         : PostgreSQL JDBC Driver 42.7.4
2025-08-06T20:45:55.047+05:30 DEBUG 45196 --- [auction_application] [onnection adder] org.postgresql.jdbc.PgConnection         :   setDefaultFetchSize = 0
2025-08-06T20:45:55.047+05:30 DEBUG 45196 --- [auction_application] [onnection adder] org.postgresql.jdbc.PgConnection         :   setPrepareThreshold = 5
2025-08-06T20:45:55.047+05:30 DEBUG 45196 --- [auction_application] [onnection adder] o.p.core.v3.ConnectionFactoryImpl        : Trying to establish a protocol version 3 connection to dpg-d285g8re5dus73f8aun0-a.singapore-postgres.render.com:5432
2025-08-06T20:45:55.221+05:30 DEBUG 45196 --- [auction_application] [           main] o.s.jdbc.datasource.init.ScriptUtils     : 0 returned as update count for SQL: CREATE INDEX IDX_QRTZ_T_NFT_ST ON QRTZ_TRIGGERS (SCHED_NAME, TRIGGER_STATE, NEXT_FIRE_TIME)
2025-08-06T20:45:55.222+05:30 DEBUG 45196 --- [auction_application] [onnection adder] o.p.core.v3.ConnectionFactoryImpl        : Receive Buffer Size is 65,536
2025-08-06T20:45:55.223+05:30 DEBUG 45196 --- [auction_application] [onnection adder] o.p.core.v3.ConnectionFactoryImpl        : Send Buffer Size is 65,536
2025-08-06T20:45:55.371+05:30 DEBUG 45196 --- [auction_application] [onnection adder] org.postgresql.ssl.MakeSSL               : converting regular socket connection to ssl
2025-08-06T20:45:55.378+05:30 DEBUG 45196 --- [auction_application] [           main] o.s.jdbc.datasource.init.ScriptUtils     : 0 returned as update count for SQL: CREATE INDEX IDX_QRTZ_T_NFT_MISFIRE ON QRTZ_TRIGGERS (SCHED_NAME, MISFIRE_INSTR, NEXT_FIRE_TIME)
2025-08-06T20:45:55.543+05:30 DEBUG 45196 --- [auction_application] [onnection adder] jdk.event.security                       : X509Certificate: Alg:SHA256withRSA, Serial:69d81483263975d5a17a8242c2840d1d3fe, Subject:CN=aws-ap-southeast-1-1-postgres.render.com, Issuer:CN=R11, O=Let's Encrypt, C=US, Key type:RSA, Length:2048, Cert Id:1642598958, Valid from:7/13/25, 1:15 AM, Valid until:10/11/25, 1:15 AM
2025-08-06T20:45:55.544+05:30 DEBUG 45196 --- [auction_application] [onnection adder] jdk.event.security                       : X509Certificate: Alg:SHA256withRSA, Serial:8a7d3e13d62f30ef2386bd29076b34f8, Subject:CN=R11, O=Let's Encrypt, C=US, Issuer:CN=ISRG Root X1, O=Internet Security Research Group, C=US, Key type:RSA, Length:2048, Cert Id:-1875479740, Valid from:3/13/24, 5:30 AM, Valid until:3/13/27, 5:29 AM
2025-08-06T20:45:55.546+05:30 DEBUG 45196 --- [auction_application] [onnection adder] jdk.event.security                       :  TLSHandshake: dpg-d285g8re5dus73f8aun0-a.singapore-postgres.render.com:5432, TLSv1.3, TLS_AES_128_GCM_SHA256, 1642598958
2025-08-06T20:45:55.554+05:30 DEBUG 45196 --- [auction_application] [           main] o.s.jdbc.datasource.init.ScriptUtils     : 0 returned as update count for SQL: CREATE INDEX IDX_QRTZ_T_NFT_ST_MISFIRE ON QRTZ_TRIGGERS (SCHED_NAME, MISFIRE_INSTR, NEXT_FIRE_TIME, TRIGGER_STATE)
2025-08-06T20:45:55.757+05:30 DEBUG 45196 --- [auction_application] [           main] o.s.jdbc.datasource.init.ScriptUtils     : 0 returned as update count for SQL: CREATE INDEX IDX_QRTZ_T_NFT_ST_MISFIRE_GRP ON QRTZ_TRIGGERS (SCHED_NAME, MISFIRE_INSTR, NEXT_FIRE_TIME, TRIGGER_GROUP, TRIGGER_STATE)
2025-08-06T20:45:55.940+05:30 DEBUG 45196 --- [auction_application] [           main] o.s.jdbc.datasource.init.ScriptUtils     : 0 returned as update count for SQL: CREATE INDEX IDX_QRTZ_FT_TRIG_INST_NAME ON QRTZ_FIRED_TRIGGERS (SCHED_NAME, INSTANCE_NAME)
2025-08-06T20:45:56.114+05:30 DEBUG 45196 --- [auction_application] [           main] o.s.jdbc.datasource.init.ScriptUtils     : 0 returned as update count for SQL: CREATE INDEX IDX_QRTZ_FT_INST_JOB_REQ_RCVRY ON QRTZ_FIRED_TRIGGERS (SCHED_NAME, INSTANCE_NAME, REQUESTS_RECOVERY)
2025-08-06T20:45:56.287+05:30 DEBUG 45196 --- [auction_application] [           main] o.s.jdbc.datasource.init.ScriptUtils     : 0 returned as update count for SQL: CREATE INDEX IDX_QRTZ_FT_J_G ON QRTZ_FIRED_TRIGGERS (SCHED_NAME, JOB_NAME, JOB_GROUP)
2025-08-06T20:45:56.511+05:30 DEBUG 45196 --- [auction_application] [           main] o.s.jdbc.datasource.init.ScriptUtils     : 0 returned as update count for SQL: CREATE INDEX IDX_QRTZ_FT_JG ON QRTZ_FIRED_TRIGGERS (SCHED_NAME, JOB_GROUP)
2025-08-06T20:45:56.691+05:30 DEBUG 45196 --- [auction_application] [           main] o.s.jdbc.datasource.init.ScriptUtils     : 0 returned as update count for SQL: CREATE INDEX IDX_QRTZ_FT_T_G ON QRTZ_FIRED_TRIGGERS (SCHED_NAME, TRIGGER_NAME, TRIGGER_GROUP)
2025-08-06T20:45:56.862+05:30 DEBUG 45196 --- [auction_application] [           main] o.s.jdbc.datasource.init.ScriptUtils     : 0 returned as update count for SQL: CREATE INDEX IDX_QRTZ_FT_TG ON QRTZ_FIRED_TRIGGERS (SCHED_NAME, TRIGGER_GROUP)
2025-08-06T20:45:56.995+05:30 DEBUG 45196 --- [auction_application] [           main] o.s.jdbc.datasource.init.ScriptUtils     : 0 returned as update count for SQL: COMMIT
2025-08-06T20:45:57.000+05:30 DEBUG 45196 --- [auction_application] [           main] o.s.jdbc.datasource.init.ScriptUtils     : SQLWarning ignored: SQL state '25P01', error code '0', message [there is no transaction in progress]
2025-08-06T20:45:57.003+05:30 DEBUG 45196 --- [auction_application] [           main] o.s.jdbc.datasource.init.ScriptUtils     : Executed SQL script from class path resource [org/quartz/impl/jdbcjobstore/tables_postgres.sql] in 6402 ms.
2025-08-06T20:45:57.004+05:30 DEBUG 45196 --- [auction_application] [           main] o.s.b.f.s.DefaultListableBeanFactory     : Creating shared instance of singleton bean 'dataSourceScriptDatabaseInitializer'
2025-08-06T20:45:57.004+05:30 DEBUG 45196 --- [auction_application] [           main] o.s.b.f.s.DefaultListableBeanFactory     : Creating shared instance of singleton bean 'org.springframework.boot.autoconfigure.sql.init.DataSourceInitializationConfiguration'
2025-08-06T20:45:57.005+05:30 DEBUG 45196 --- [auction_application] [           main] o.s.b.f.s.DefaultListableBeanFactory     : Creating shared instance of singleton bean 'spring.sql.init-org.springframework.boot.autoconfigure.sql.init.SqlInitializationProperties'
2025-08-06T20:45:57.007+05:30 DEBUG 45196 --- [auction_application] [           main] o.s.b.f.s.DefaultListableBeanFactory     : Autowiring by type from bean name 'dataSourceScriptDatabaseInitializer' via factory method to bean named 'dataSource'
2025-08-06T20:45:57.007+05:30 DEBUG 45196 --- [auction_application] [           main] o.s.b.f.s.DefaultListableBeanFactory     : Autowiring by type from bean name 'dataSourceScriptDatabaseInitializer' via factory method to bean named 'spring.sql.init-org.springframework.boot.autoconfigure.sql.init.SqlInitializationProperties'
2025-08-06T20:45:57.010+05:30 DEBUG 45196 --- [auction_application] [           main] o.s.b.f.s.DefaultListableBeanFactory     : Creating shared instance of singleton bean 'entityManagerFactory'
[...]

   ReactiveSecurityAutoConfiguration:
      Did not match:
         - @ConditionalOnClass did not find required class 'org.springframework.web.reactive.config.WebFluxConfigurer' (OnClassCondition)

   ReactiveUserDetailsServiceAutoConfiguration:
      Did not match:
         - AnyNestedCondition 0 matched 3 did not; NestedCondition on ReactiveUserDetailsServiceAutoConfiguration.MissingAlternativeOrUserPropertiesConfigured.PasswordConfigured @ConditionalOnProperty (spring.security.user.password) did not find property 'password'; NestedCondition on ReactiveUserDetailsServiceAutoConfiguration.MissingAlternativeOrUserPropertiesConfigured.NameConfigured @ConditionalOnProperty (spring.security.user.name) did not find property 'name'; NestedCondition on ReactiveUserDetailsServiceAutoConfiguration.MissingAlternativeOrUserPropertiesConfigured.MissingAlternative @ConditionalOnMissingClass found unwanted class 'org.springframework.security.oauth2.client.registration.ClientRegistrationRepository' (ReactiveUserDetailsServiceAutoConfiguration.MissingAlternativeOrUserPropertiesConfigured)
      Matched:
         - @ConditionalOnClass found required class 'org.springframework.security.authentication.ReactiveAuthenticationManager' (OnClassCondition)

   ReactiveWebServerFactoryAutoConfiguration:
      Did not match:
         - @ConditionalOnWebApplication did not find reactive web application classes (OnWebApplicationCondition)

   RemoteDevToolsAutoConfiguration:
      Did not match:
         - @ConditionalOnProperty (spring.devtools.remote.secret) did not find property 'secret' (OnPropertyCondition)
      Matched:
         - @ConditionalOnClass found required classes 'jakarta.servlet.Filter', 'org.springframework.http.server.ServerHttpRequest' (OnClassCondition)

   RepositoryRestMvcAutoConfiguration:
      Did not match:
         - @ConditionalOnClass did not find required class 'org.springframework.data.rest.webmvc.config.RepositoryRestMvcConfiguration' (OnClassCondition)

   Saml2RelyingPartyAutoConfiguration:
      Did not match:
         - @ConditionalOnClass did not find required class 'org.springframework.security.saml2.provider.service.registration.RelyingPartyRegistrationRepository' (OnClassCondition)

   SecurityDataConfiguration:
      Did not match:
         - @ConditionalOnClass did not find required class 'org.springframework.security.data.repository.query.SecurityEvaluationContextExtension' (OnClassCondition)

   SendGridAutoConfiguration:
      Did not match:
         - @ConditionalOnClass did not find required class 'com.sendgrid.SendGrid' (OnClassCondition)

   ServletWebServerFactoryAutoConfiguration.ForwardedHeaderFilterConfiguration:
      Did not match:
         - @ConditionalOnProperty (server.forward-headers-strategy=framework) did not find property 'server.forward-headers-strategy' (OnPropertyCondition)

   ServletWebServerFactoryConfiguration.EmbeddedJetty:
      Did not match:
         - @ConditionalOnClass did not find required classes 'org.eclipse.jetty.server.Server', 'org.eclipse.jetty.util.Loader', 'org.eclipse.jetty.ee10.webapp.WebAppContext' (OnClassCondition)

   ServletWebServerFactoryConfiguration.EmbeddedUndertow:
      Did not match:
         - @ConditionalOnClass did not find required classes 'io.undertow.Undertow', 'org.xnio.SslClientAuthMode' (OnClassCondition)

   SessionAutoConfiguration:
      Did not match:
         - @ConditionalOnClass did not find required class 'org.springframework.session.Session' (OnClassCondition)

   SimpleCacheConfiguration:
      Did not match:
         - @ConditionalOnMissingBean (types: org.springframework.cache.CacheManager; SearchStrategy: all) found beans of type 'org.springframework.cache.CacheManager' cacheManager (OnBeanCondition)
      Matched:
         - Cache org.springframework.boot.autoconfigure.cache.SimpleCacheConfiguration automatic cache type (CacheCondition)

   SpringApplicationAdminJmxAutoConfiguration:
      Did not match:
         - @ConditionalOnProperty (spring.application.admin.enabled=true) did not find property 'enabled' (OnPropertyCondition)

   SpringBootWebSecurityConfiguration.SecurityFilterChainConfiguration:
      Did not match:
         - AllNestedConditions 1 matched 1 did not; NestedCondition on DefaultWebSecurityCondition.Beans @ConditionalOnMissingBean (types: org.springframework.security.web.SecurityFilterChain; SearchStrategy: all) found beans of type 'org.springframework.security.web.SecurityFilterChain' securityFilterChain; NestedCondition on DefaultWebSecurityCondition.Classes @ConditionalOnClass found required classes 'org.springframework.security.web.SecurityFilterChain', 'org.springframework.security.config.annotation.web.builders.HttpSecurity' (DefaultWebSecurityCondition)

   SpringBootWebSecurityConfiguration.WebSecurityEnablerConfiguration:
      Did not match:
         - @ConditionalOnMissingBean (names: springSecurityFilterChain; SearchStrategy: all) found beans named springSecurityFilterChain (OnBeanCondition)
      Matched:
         - @ConditionalOnClass found required class 'org.springframework.security.config.annotation.web.configuration.EnableWebSecurity' (OnClassCondition)

   TaskExecutorConfigurations.SimpleAsyncTaskExecutorBuilderConfiguration#simpleAsyncTaskExecutorBuilderVirtualThreads:
      Did not match:
         - @ConditionalOnMissingBean (types: org.springframework.boot.task.SimpleAsyncTaskExecutorBuilder; SearchStrategy: all) found beans of type 'org.springframework.boot.task.SimpleAsyncTaskExecutorBuilder' simpleAsyncTaskExecutorBuilder (OnBeanCondition)

   TaskExecutorConfigurations.TaskExecutorConfiguration#applicationTaskExecutorVirtualThreads:
      Did not match:
         - @ConditionalOnThreading did not find VIRTUAL (OnThreadingCondition)

   TaskSchedulingConfigurations.SimpleAsyncTaskSchedulerBuilderConfiguration#simpleAsyncTaskSchedulerBuilderVirtualThreads:
      Did not match:
         - @ConditionalOnMissingBean (types: org.springframework.boot.task.SimpleAsyncTaskSchedulerBuilder; SearchStrategy: all) found beans of type 'org.springframework.boot.task.SimpleAsyncTaskSchedulerBuilder' simpleAsyncTaskSchedulerBuilder (OnBeanCondition)

   TaskSchedulingConfigurations.TaskSchedulerConfiguration#taskSchedulerVirtualThreads:
      Did not match:
         - @ConditionalOnThreading did not find VIRTUAL (OnThreadingCondition)

   ThymeleafAutoConfiguration:
      Did not match:
         - @ConditionalOnClass did not find required class 'org.thymeleaf.spring6.SpringTemplateEngine' (OnClassCondition)

   TransactionAutoConfiguration#transactionalOperator:
      Did not match:
         - @ConditionalOnSingleCandidate (types: org.springframework.transaction.ReactiveTransactionManager; SearchStrategy: all) did not find any beans (OnBeanCondition)

   TransactionAutoConfiguration.AspectJTransactionManagementConfiguration:
      Did not match:
         - @ConditionalOnBean (types: org.springframework.transaction.aspectj.AbstractTransactionAspect; SearchStrategy: all) did not find any beans of type org.springframework.transaction.aspectj.AbstractTransactionAspect (OnBeanCondition)

   TransactionAutoConfiguration.EnableTransactionManagementConfiguration.JdkDynamicAutoProxyConfiguration:
      Did not match:
         - @ConditionalOnProperty (spring.aop.proxy-target-class=false) did not find property 'proxy-target-class' (OnPropertyCondition)

   UserDetailsServiceAutoConfiguration:
      Did not match:
         - AnyNestedCondition 0 matched 3 did not; NestedCondition on UserDetailsServiceAutoConfiguration.MissingAlternativeOrUserPropertiesConfigured.PasswordConfigured @ConditionalOnProperty (spring.security.user.password) did not find property 'password'; NestedCondition on UserDetailsServiceAutoConfiguration.MissingAlternativeOrUserPropertiesConfigured.NameConfigured @ConditionalOnProperty (spring.security.user.name) did not find property 'name'; NestedCondition on UserDetailsServiceAutoConfiguration.MissingAlternativeOrUserPropertiesConfigured.MissingAlternative @ConditionalOnMissingClass found unwanted class 'org.springframework.security.oauth2.client.registration.ClientRegistrationRepository' (UserDetailsServiceAutoConfiguration.MissingAlternativeOrUserPropertiesConfigured)
      Matched:
         - @ConditionalOnClass found required class 'org.springframework.security.authentication.AuthenticationManager' (OnClassCondition)
         - found 'session' scope (OnWebApplicationCondition)

   ValidationAutoConfiguration:
      Did not match:
         - @ConditionalOnClass did not find required class 'jakarta.validation.executable.ExecutableValidator' (OnClassCondition)

   WebClientAutoConfiguration:
      Did not match:
         - @ConditionalOnClass did not find required class 'org.springframework.web.reactive.function.client.WebClient' (OnClassCondition)

   WebFluxAutoConfiguration:
      Did not match:
         - @ConditionalOnClass did not find required class 'org.springframework.web.reactive.config.WebFluxConfigurer' (OnClassCondition)

   WebMvcAutoConfiguration#hiddenHttpMethodFilter:
      Did not match:
         - @ConditionalOnProperty (spring.mvc.hiddenmethod.filter.enabled) did not find property 'enabled' (OnPropertyCondition)

   WebMvcAutoConfiguration.ProblemDetailsErrorHandlingConfiguration:
      Did not match:
         - @ConditionalOnProperty (spring.mvc.problemdetails.enabled=true) did not find property 'enabled' (OnPropertyCondition)

   WebMvcAutoConfiguration.ResourceChainCustomizerConfiguration:
      Did not match:
         - @ConditionalOnEnabledResourceChain did not find class org.webjars.WebJarVersionLocator (OnEnabledResourceChainCondition)

   WebMvcAutoConfiguration.WebMvcAutoConfigurationAdapter#beanNameViewResolver:
      Did not match:
         - @ConditionalOnMissingBean (types: org.springframework.web.servlet.view.BeanNameViewResolver; SearchStrategy: all) found beans of type 'org.springframework.web.servlet.view.BeanNameViewResolver' beanNameViewResolver (OnBeanCondition)

   WebServiceTemplateAutoConfiguration:
      Did not match:
         - @ConditionalOnClass did not find required class 'org.springframework.ws.client.core.WebServiceTemplate' (OnClassCondition)

   WebServicesAutoConfiguration:
      Did not match:
         - @ConditionalOnClass did not find required class 'org.springframework.ws.transport.http.MessageDispatcherServlet' (OnClassCondition)

   WebSessionIdResolverAutoConfiguration:
      Did not match:
         - @ConditionalOnWebApplication did not find reactive web application classes (OnWebApplicationCondition)

   WebSocketMessagingAutoConfiguration.WebSocketMessageConverterConfiguration:
      Did not match:
         - @ConditionalOnBean (types: org.springframework.web.socket.config.annotation.DelegatingWebSocketMessageBrokerConfiguration,com.fasterxml.jackson.databind.ObjectMapper; SearchStrategy: all) did not find any beans of type org.springframework.web.socket.config.annotation.DelegatingWebSocketMessageBrokerConfiguration (OnBeanCondition)
      Matched:
         - @ConditionalOnClass found required classes 'com.fasterxml.jackson.databind.ObjectMapper', 'org.springframework.messaging.simp.config.AbstractMessageBrokerConfiguration' (OnClassCondition)

   WebSocketReactiveAutoConfiguration:
      Did not match:
         - @ConditionalOnWebApplication did not find reactive web application classes (OnWebApplicationCondition)

   WebSocketServletAutoConfiguration.JettyWebSocketConfiguration:
      Did not match:
         - @ConditionalOnClass did not find required class 'org.eclipse.jetty.ee10.websocket.jakarta.server.config.JakartaWebSocketServletContainerInitializer' (OnClassCondition)

   WebSocketServletAutoConfiguration.UndertowWebSocketConfiguration:
      Did not match:
         - @ConditionalOnClass did not find required class 'io.undertow.websockets.jsr.Bootstrap' (OnClassCondition)

   XADataSourceAutoConfiguration:
      Did not match:
         - @ConditionalOnBean (types: org.springframework.boot.jdbc.XADataSourceWrapper; SearchStrategy: all) did not find any beans of type org.springframework.boot.jdbc.XADataSourceWrapper (OnBeanCondition)
      Matched:
         - @ConditionalOnClass found required classes 'javax.sql.DataSource', 'jakarta.transaction.TransactionManager', 'org.springframework.jdbc.datasource.embedded.EmbeddedDatabaseType' (OnClassCondition)


Exclusions:
-----------

    None


Unconditional classes:
----------------------

    org.springframework.boot.autoconfigure.context.ConfigurationPropertiesAutoConfiguration

    org.springframework.boot.autoconfigure.ssl.SslAutoConfiguration

    org.springframework.boot.autoconfigure.context.PropertyPlaceholderAutoConfiguration

    org.springframework.boot.autoconfigure.context.LifecycleAutoConfiguration

    org.springframework.boot.autoconfigure.availability.ApplicationAvailabilityAutoConfiguration

    org.springframework.boot.autoconfigure.info.ProjectInfoAutoConfiguration



2025-08-06T20:46:10.251+05:30  INFO 45196 --- [auction_application] [           main] c.e.a.AuctionApplicationTests            : Started AuctionApplicationTests in 24.821 seconds (process running for 26.075)
2025-08-06T20:46:10.254+05:30 DEBUG 45196 --- [auction_application] [           main] o.s.b.a.ApplicationAvailabilityBean      : Application availability state LivenessState changed to CORRECT
2025-08-06T20:46:10.258+05:30 DEBUG 45196 --- [auction_application] [           main] o.s.boot.devtools.restart.Restarter      : Creating new Restarter for thread Thread[main,5,main]
2025-08-06T20:46:10.260+05:30 DEBUG 45196 --- [auction_application] [           main] o.s.b.a.ApplicationAvailabilityBean      : Application availability state ReadinessState changed to ACCEPTING_TRAFFIC
2025-08-06T20:46:10.265+05:30 DEBUG 45196 --- [auction_application] [           main] org.springframework.test.context.cache   : Spring test ApplicationContext cache statistics: [DefaultContextCache@43f13160 size = 1, maxSize = 32, parentContextCount = 0, hitCount = 0, missCount = 1, failureCount = 0]
2025-08-06T20:46:10.266+05:30 DEBUG 45196 --- [auction_application] [           main] o.s.t.c.w.ServletTestExecutionListener   : Setting up MockHttpServletRequest, MockHttpServletResponse, ServletWebRequest, and RequestContextHolder for test class com.example.auction_application.AuctionApplicationTests
2025-08-06T20:46:10.296+05:30 DEBUG 45196 --- [auction_application] [           main] DependencyInjectionTestExecutionListener : Performing dependency injection for test class com.example.auction_application.AuctionApplicationTests
2025-08-06T20:46:10.297+05:30 DEBUG 45196 --- [auction_application] [           main] org.springframework.test.context.cache   : Spring test ApplicationContext cache statistics: [DefaultContextCache@43f13160 size = 1, maxSize = 32, parentContextCount = 0, hitCount = 1, missCount = 1, failureCount = 0]
2025-08-06T20:46:10.300+05:30 DEBUG 45196 --- [auction_application] [           main] org.springframework.test.context.cache   : Spring test ApplicationContext cache statistics: [DefaultContextCache@43f13160 size = 1, maxSize = 32, parentContextCount = 0, hitCount = 2, missCount = 1, failureCount = 0]
2025-08-06T20:46:10.311+05:30 DEBUG 45196 --- [auction_application] [           main] sContextBeforeModesTestExecutionListener : Before test method: class [AuctionApplicationTests], method [contextLoads], class annotated with @DirtiesContext [false] with mode [null], method annotated with @DirtiesContext [false] with mode [null]
2025-08-06T20:46:10.315+05:30 DEBUG 45196 --- [auction_application] [           main] org.springframework.test.context.cache   : Spring test ApplicationContext cache statistics: [DefaultContextCache@43f13160 size = 1, maxSize = 32, parentContextCount = 0, hitCount = 3, missCount = 1, failureCount = 0]
2025-08-06T20:46:10.315+05:30 DEBUG 45196 --- [auction_application] [           main] org.springframework.test.context.cache   : Spring test ApplicationContext cache statistics: [DefaultContextCache@43f13160 size = 1, maxSize = 32, parentContextCount = 0, hitCount = 4, missCount = 1, failureCount = 0]
2025-08-06T20:46:10.419+05:30 DEBUG 45196 --- [auction_application] [SchedulerThread] org.postgresql.jdbc.PgConnection         :   setAutoCommit = false
2025-08-06T20:46:10.617+05:30 DEBUG 45196 --- [auction_application] [_MisfireHandler] org.postgresql.jdbc.PgConnection         :   setAutoCommit = true
2025-08-06T20:46:10.938+05:30 DEBUG 45196 --- [auction_application] [SchedulerThread] org.postgresql.jdbc.PgConnection         :   setAutoCommit = true
2025-08-06T20:46:11.406+05:30 DEBUG 45196 --- [auction_application] [           main] org.springframework.test.context.cache   : Spring test ApplicationContext cache statistics: [DefaultContextCache@43f13160 size = 1, maxSize = 32, parentContextCount = 0, hitCount = 5, missCount = 1, failureCount = 0]
2025-08-06T20:46:11.417+05:30 DEBUG 45196 --- [auction_application] [           main] org.springframework.test.context.cache   : Spring test ApplicationContext cache statistics: [DefaultContextCache@43f13160 size = 1, maxSize = 32, parentContextCount = 0, hitCount = 6, missCount = 1, failureCount = 0]
2025-08-06T20:46:11.433+05:30 DEBUG 45196 --- [auction_application] [           main] org.springframework.test.context.cache   : Spring test ApplicationContext cache statistics: [DefaultContextCache@43f13160 size = 1, maxSize = 32, parentContextCount = 0, hitCount = 7, missCount = 1, failureCount = 0]
2025-08-06T20:46:11.435+05:30 DEBUG 45196 --- [auction_application] [           main] org.springframework.test.context.cache   : Spring test ApplicationContext cache statistics: [DefaultContextCache@43f13160 size = 1, maxSize = 32, parentContextCount = 0, hitCount = 8, missCount = 1, failureCount = 0]
2025-08-06T20:46:11.438+05:30 DEBUG 45196 --- [auction_application] [           main] org.springframework.test.context.cache   : Spring test ApplicationContext cache statistics: [DefaultContextCache@43f13160 size = 1, maxSize = 32, parentContextCount = 0, hitCount = 9, missCount = 1, failureCount = 0]
2025-08-06T20:46:11.438+05:30 DEBUG 45196 --- [auction_application] [           main] org.springframework.test.context.cache   : Spring test ApplicationContext cache statistics: [DefaultContextCache@43f13160 size = 1, maxSize = 32, parentContextCount = 0, hitCount = 10, missCount = 1, failureCount = 0]
2025-08-06T20:46:11.441+05:30 DEBUG 45196 --- [auction_application] [           main] org.springframework.test.context.cache   : Spring test ApplicationContext cache statistics: [DefaultContextCache@43f13160 size = 1, maxSize = 32, parentContextCount = 0, hitCount = 11, missCount = 1, failureCount = 0]
2025-08-06T20:46:11.444+05:30 DEBUG 45196 --- [auction_application] [           main] org.springframework.test.context.cache   : Spring test ApplicationContext cache statistics: [DefaultContextCache@43f13160 size = 1, maxSize = 32, parentContextCount = 0, hitCount = 12, missCount = 1, failureCount = 0]
2025-08-06T20:46:11.450+05:30 DEBUG 45196 --- [auction_application] [           main] org.springframework.test.context.cache   : Spring test ApplicationContext cache statistics: [DefaultContextCache@43f13160 size = 1, maxSize = 32, parentContextCount = 0, hitCount = 13, missCount = 1, failureCount = 0]
2025-08-06T20:46:11.451+05:30 DEBUG 45196 --- [auction_application] [           main] .c.s.DirtiesContextTestExecutionListener : After test method: class [AuctionApplicationTests], method [contextLoads], class annotated with @DirtiesContext [false] with mode [null], method annotated with @DirtiesContext [false] with mode [null]
2025-08-06T20:46:11.453+05:30 DEBUG 45196 --- [auction_application] [           main] o.s.t.c.w.ServletTestExecutionListener   : Resetting RequestContextHolder for test class com.example.auction_application.AuctionApplicationTests
]]></system-out>
  </testcase>
</testsuite>